{"C:\\The Place\\My Web Projects\\Andela\\Andela Developer Challenge\\WayFarer Challenge\\WayFarer\\src\\test\\users.spec.js":{"path":"C:\\The Place\\My Web Projects\\Andela\\Andela Developer Challenge\\WayFarer Challenge\\WayFarer\\src\\test\\users.spec.js","statementMap":{"0":{"start":{"line":3,"column":12},"end":{"line":3,"column":51}},"1":{"start":{"line":5,"column":16},"end":{"line":5,"column":60}},"2":{"start":{"line":7,"column":10},"end":{"line":7,"column":23}},"3":{"start":{"line":9,"column":14},"end":{"line":9,"column":55}},"4":{"start":{"line":11,"column":11},"end":{"line":11,"column":52}},"5":{"start":{"line":13,"column":39},"end":{"line":13,"column":95}},"6":{"start":{"line":15,"column":14},"end":{"line":15,"column":66}},"7":{"start":{"line":17,"column":0},"end":{"line":17,"column":28}},"8":{"start":{"line":19,"column":0},"end":{"line":19,"column":43}},"9":{"start":{"line":21,"column":13},"end":{"line":21,"column":38}},"10":{"start":{"line":23,"column":11},"end":{"line":25,"column":2}},"11":{"start":{"line":26,"column":12},"end":{"line":26,"column":14}},"12":{"start":{"line":27,"column":0},"end":{"line":33,"column":3}},"13":{"start":{"line":28,"column":2},"end":{"line":28,"column":22}},"14":{"start":{"line":29,"column":14},"end":{"line":29,"column":111}},"15":{"start":{"line":30,"column":15},"end":{"line":30,"column":136}},"16":{"start":{"line":31,"column":15},"end":{"line":31,"column":32}},"17":{"start":{"line":32,"column":2},"end":{"line":32,"column":9}},"18":{"start":{"line":34,"column":0},"end":{"line":99,"column":3}},"19":{"start":{"line":35,"column":2},"end":{"line":35,"column":22}},"20":{"start":{"line":36,"column":14},"end":{"line":36,"column":34}},"21":{"start":{"line":37,"column":15},"end":{"line":37,"column":32}},"22":{"start":{"line":38,"column":2},"end":{"line":63,"column":5}},"23":{"start":{"line":39,"column":4},"end":{"line":62,"column":7}},"24":{"start":{"line":40,"column":6},"end":{"line":61,"column":9}},"25":{"start":{"line":46,"column":8},"end":{"line":46,"column":34}},"26":{"start":{"line":46,"column":17},"end":{"line":46,"column":34}},"27":{"start":{"line":47,"column":8},"end":{"line":47,"column":36}},"28":{"start":{"line":48,"column":8},"end":{"line":48,"column":27}},"29":{"start":{"line":49,"column":8},"end":{"line":49,"column":39}},"30":{"start":{"line":50,"column":8},"end":{"line":50,"column":48}},"31":{"start":{"line":51,"column":8},"end":{"line":51,"column":46}},"32":{"start":{"line":52,"column":8},"end":{"line":52,"column":46}},"33":{"start":{"line":53,"column":8},"end":{"line":53,"column":44}},"34":{"start":{"line":54,"column":8},"end":{"line":54,"column":54}},"35":{"start":{"line":55,"column":8},"end":{"line":55,"column":55}},"36":{"start":{"line":56,"column":8},"end":{"line":56,"column":52}},"37":{"start":{"line":57,"column":8},"end":{"line":57,"column":57}},"38":{"start":{"line":58,"column":8},"end":{"line":58,"column":56}},"39":{"start":{"line":59,"column":8},"end":{"line":59,"column":52}},"40":{"start":{"line":60,"column":8},"end":{"line":60,"column":15}},"41":{"start":{"line":64,"column":2},"end":{"line":82,"column":5}},"42":{"start":{"line":65,"column":4},"end":{"line":81,"column":7}},"43":{"start":{"line":66,"column":6},"end":{"line":80,"column":9}},"44":{"start":{"line":72,"column":8},"end":{"line":72,"column":36}},"45":{"start":{"line":73,"column":8},"end":{"line":73,"column":27}},"46":{"start":{"line":74,"column":8},"end":{"line":74,"column":39}},"47":{"start":{"line":75,"column":8},"end":{"line":75,"column":48}},"48":{"start":{"line":76,"column":8},"end":{"line":76,"column":46}},"49":{"start":{"line":77,"column":8},"end":{"line":77,"column":49}},"50":{"start":{"line":78,"column":8},"end":{"line":78,"column":60}},"51":{"start":{"line":79,"column":8},"end":{"line":79,"column":15}},"52":{"start":{"line":83,"column":2},"end":{"line":98,"column":5}},"53":{"start":{"line":84,"column":4},"end":{"line":97,"column":7}},"54":{"start":{"line":85,"column":6},"end":{"line":96,"column":9}},"55":{"start":{"line":88,"column":8},"end":{"line":88,"column":36}},"56":{"start":{"line":89,"column":8},"end":{"line":89,"column":27}},"57":{"start":{"line":90,"column":8},"end":{"line":90,"column":39}},"58":{"start":{"line":91,"column":8},"end":{"line":91,"column":48}},"59":{"start":{"line":92,"column":8},"end":{"line":92,"column":46}},"60":{"start":{"line":93,"column":8},"end":{"line":93,"column":49}},"61":{"start":{"line":94,"column":8},"end":{"line":94,"column":65}},"62":{"start":{"line":95,"column":8},"end":{"line":95,"column":15}},"63":{"start":{"line":100,"column":0},"end":{"line":161,"column":3}},"64":{"start":{"line":101,"column":2},"end":{"line":101,"column":22}},"65":{"start":{"line":102,"column":2},"end":{"line":126,"column":5}},"66":{"start":{"line":103,"column":4},"end":{"line":125,"column":7}},"67":{"start":{"line":104,"column":6},"end":{"line":124,"column":9}},"68":{"start":{"line":108,"column":8},"end":{"line":108,"column":36}},"69":{"start":{"line":109,"column":8},"end":{"line":109,"column":34}},"70":{"start":{"line":109,"column":17},"end":{"line":109,"column":34}},"71":{"start":{"line":110,"column":8},"end":{"line":110,"column":36}},"72":{"start":{"line":111,"column":8},"end":{"line":111,"column":27}},"73":{"start":{"line":112,"column":8},"end":{"line":112,"column":39}},"74":{"start":{"line":113,"column":8},"end":{"line":113,"column":48}},"75":{"start":{"line":114,"column":8},"end":{"line":114,"column":46}},"76":{"start":{"line":115,"column":8},"end":{"line":115,"column":46}},"77":{"start":{"line":116,"column":8},"end":{"line":116,"column":44}},"78":{"start":{"line":117,"column":8},"end":{"line":117,"column":54}},"79":{"start":{"line":118,"column":8},"end":{"line":118,"column":55}},"80":{"start":{"line":119,"column":8},"end":{"line":119,"column":52}},"81":{"start":{"line":120,"column":8},"end":{"line":120,"column":57}},"82":{"start":{"line":121,"column":8},"end":{"line":121,"column":56}},"83":{"start":{"line":122,"column":8},"end":{"line":122,"column":52}},"84":{"start":{"line":123,"column":8},"end":{"line":123,"column":15}},"85":{"start":{"line":127,"column":2},"end":{"line":143,"column":5}},"86":{"start":{"line":128,"column":4},"end":{"line":142,"column":7}},"87":{"start":{"line":129,"column":6},"end":{"line":141,"column":9}},"88":{"start":{"line":133,"column":8},"end":{"line":133,"column":36}},"89":{"start":{"line":134,"column":8},"end":{"line":134,"column":27}},"90":{"start":{"line":135,"column":8},"end":{"line":135,"column":39}},"91":{"start":{"line":136,"column":8},"end":{"line":136,"column":48}},"92":{"start":{"line":137,"column":8},"end":{"line":137,"column":46}},"93":{"start":{"line":138,"column":8},"end":{"line":138,"column":49}},"94":{"start":{"line":139,"column":8},"end":{"line":139,"column":61}},"95":{"start":{"line":140,"column":8},"end":{"line":140,"column":15}},"96":{"start":{"line":144,"column":2},"end":{"line":160,"column":5}},"97":{"start":{"line":145,"column":4},"end":{"line":159,"column":7}},"98":{"start":{"line":146,"column":6},"end":{"line":158,"column":9}},"99":{"start":{"line":150,"column":8},"end":{"line":150,"column":36}},"100":{"start":{"line":151,"column":8},"end":{"line":151,"column":27}},"101":{"start":{"line":152,"column":8},"end":{"line":152,"column":39}},"102":{"start":{"line":153,"column":8},"end":{"line":153,"column":48}},"103":{"start":{"line":154,"column":8},"end":{"line":154,"column":46}},"104":{"start":{"line":155,"column":8},"end":{"line":155,"column":49}},"105":{"start":{"line":156,"column":8},"end":{"line":156,"column":61}},"106":{"start":{"line":157,"column":8},"end":{"line":157,"column":15}},"107":{"start":{"line":162,"column":0},"end":{"line":199,"column":3}},"108":{"start":{"line":163,"column":2},"end":{"line":163,"column":22}},"109":{"start":{"line":164,"column":2},"end":{"line":183,"column":5}},"110":{"start":{"line":165,"column":4},"end":{"line":182,"column":7}},"111":{"start":{"line":166,"column":6},"end":{"line":181,"column":9}},"112":{"start":{"line":167,"column":8},"end":{"line":167,"column":34}},"113":{"start":{"line":167,"column":17},"end":{"line":167,"column":34}},"114":{"start":{"line":168,"column":8},"end":{"line":168,"column":36}},"115":{"start":{"line":169,"column":8},"end":{"line":169,"column":27}},"116":{"start":{"line":170,"column":8},"end":{"line":170,"column":39}},"117":{"start":{"line":171,"column":8},"end":{"line":171,"column":48}},"118":{"start":{"line":172,"column":8},"end":{"line":172,"column":46}},"119":{"start":{"line":173,"column":8},"end":{"line":173,"column":46}},"120":{"start":{"line":174,"column":8},"end":{"line":174,"column":44}},"121":{"start":{"line":175,"column":8},"end":{"line":175,"column":54}},"122":{"start":{"line":176,"column":8},"end":{"line":176,"column":55}},"123":{"start":{"line":177,"column":8},"end":{"line":177,"column":52}},"124":{"start":{"line":178,"column":8},"end":{"line":178,"column":57}},"125":{"start":{"line":179,"column":8},"end":{"line":179,"column":56}},"126":{"start":{"line":180,"column":8},"end":{"line":180,"column":15}},"127":{"start":{"line":184,"column":2},"end":{"line":198,"column":5}},"128":{"start":{"line":185,"column":4},"end":{"line":197,"column":7}},"129":{"start":{"line":186,"column":6},"end":{"line":196,"column":9}},"130":{"start":{"line":187,"column":8},"end":{"line":187,"column":34}},"131":{"start":{"line":187,"column":17},"end":{"line":187,"column":34}},"132":{"start":{"line":188,"column":8},"end":{"line":188,"column":36}},"133":{"start":{"line":189,"column":8},"end":{"line":189,"column":27}},"134":{"start":{"line":190,"column":8},"end":{"line":190,"column":39}},"135":{"start":{"line":191,"column":8},"end":{"line":191,"column":48}},"136":{"start":{"line":192,"column":8},"end":{"line":192,"column":46}},"137":{"start":{"line":193,"column":8},"end":{"line":193,"column":49}},"138":{"start":{"line":194,"column":8},"end":{"line":194,"column":72}},"139":{"start":{"line":195,"column":8},"end":{"line":195,"column":15}},"140":{"start":{"line":200,"column":0},"end":{"line":242,"column":3}},"141":{"start":{"line":201,"column":2},"end":{"line":201,"column":22}},"142":{"start":{"line":202,"column":2},"end":{"line":209,"column":5}},"143":{"start":{"line":203,"column":4},"end":{"line":208,"column":7}},"144":{"start":{"line":204,"column":6},"end":{"line":207,"column":9}},"145":{"start":{"line":205,"column":8},"end":{"line":205,"column":34}},"146":{"start":{"line":205,"column":17},"end":{"line":205,"column":34}},"147":{"start":{"line":206,"column":8},"end":{"line":206,"column":15}},"148":{"start":{"line":210,"column":2},"end":{"line":217,"column":5}},"149":{"start":{"line":211,"column":4},"end":{"line":216,"column":7}},"150":{"start":{"line":212,"column":6},"end":{"line":215,"column":9}},"151":{"start":{"line":213,"column":8},"end":{"line":213,"column":34}},"152":{"start":{"line":213,"column":17},"end":{"line":213,"column":34}},"153":{"start":{"line":214,"column":8},"end":{"line":214,"column":15}},"154":{"start":{"line":218,"column":2},"end":{"line":225,"column":5}},"155":{"start":{"line":219,"column":4},"end":{"line":224,"column":7}},"156":{"start":{"line":220,"column":6},"end":{"line":223,"column":9}},"157":{"start":{"line":221,"column":8},"end":{"line":221,"column":34}},"158":{"start":{"line":221,"column":17},"end":{"line":221,"column":34}},"159":{"start":{"line":222,"column":8},"end":{"line":222,"column":15}},"160":{"start":{"line":226,"column":2},"end":{"line":233,"column":5}},"161":{"start":{"line":227,"column":4},"end":{"line":232,"column":7}},"162":{"start":{"line":228,"column":6},"end":{"line":231,"column":9}},"163":{"start":{"line":229,"column":8},"end":{"line":229,"column":34}},"164":{"start":{"line":229,"column":17},"end":{"line":229,"column":34}},"165":{"start":{"line":230,"column":8},"end":{"line":230,"column":15}},"166":{"start":{"line":234,"column":2},"end":{"line":241,"column":5}},"167":{"start":{"line":235,"column":4},"end":{"line":240,"column":7}},"168":{"start":{"line":236,"column":6},"end":{"line":239,"column":9}},"169":{"start":{"line":237,"column":8},"end":{"line":237,"column":34}},"170":{"start":{"line":237,"column":17},"end":{"line":237,"column":34}},"171":{"start":{"line":238,"column":8},"end":{"line":238,"column":15}},"172":{"start":{"line":243,"column":0},"end":{"line":285,"column":3}},"173":{"start":{"line":244,"column":2},"end":{"line":244,"column":22}},"174":{"start":{"line":245,"column":2},"end":{"line":252,"column":5}},"175":{"start":{"line":246,"column":4},"end":{"line":251,"column":7}},"176":{"start":{"line":247,"column":6},"end":{"line":250,"column":9}},"177":{"start":{"line":248,"column":8},"end":{"line":248,"column":34}},"178":{"start":{"line":248,"column":17},"end":{"line":248,"column":34}},"179":{"start":{"line":249,"column":8},"end":{"line":249,"column":15}},"180":{"start":{"line":253,"column":2},"end":{"line":260,"column":5}},"181":{"start":{"line":254,"column":4},"end":{"line":259,"column":7}},"182":{"start":{"line":255,"column":6},"end":{"line":258,"column":9}},"183":{"start":{"line":256,"column":8},"end":{"line":256,"column":34}},"184":{"start":{"line":256,"column":17},"end":{"line":256,"column":34}},"185":{"start":{"line":257,"column":8},"end":{"line":257,"column":15}},"186":{"start":{"line":261,"column":2},"end":{"line":268,"column":5}},"187":{"start":{"line":262,"column":4},"end":{"line":267,"column":7}},"188":{"start":{"line":263,"column":6},"end":{"line":266,"column":9}},"189":{"start":{"line":264,"column":8},"end":{"line":264,"column":34}},"190":{"start":{"line":264,"column":17},"end":{"line":264,"column":34}},"191":{"start":{"line":265,"column":8},"end":{"line":265,"column":15}},"192":{"start":{"line":269,"column":2},"end":{"line":276,"column":5}},"193":{"start":{"line":270,"column":4},"end":{"line":275,"column":7}},"194":{"start":{"line":271,"column":6},"end":{"line":274,"column":9}},"195":{"start":{"line":272,"column":8},"end":{"line":272,"column":34}},"196":{"start":{"line":272,"column":17},"end":{"line":272,"column":34}},"197":{"start":{"line":273,"column":8},"end":{"line":273,"column":15}},"198":{"start":{"line":277,"column":2},"end":{"line":284,"column":5}},"199":{"start":{"line":278,"column":4},"end":{"line":283,"column":7}},"200":{"start":{"line":279,"column":6},"end":{"line":282,"column":9}},"201":{"start":{"line":280,"column":8},"end":{"line":280,"column":34}},"202":{"start":{"line":280,"column":17},"end":{"line":280,"column":34}},"203":{"start":{"line":281,"column":8},"end":{"line":281,"column":15}}},"fnMap":{"0":{"name":"_interopRequireDefault","decl":{"start":{"line":13,"column":9},"end":{"line":13,"column":31}},"loc":{"start":{"line":13,"column":37},"end":{"line":13,"column":97}},"line":13},"1":{"name":"(anonymous_1)","decl":{"start":{"line":27,"column":7},"end":{"line":27,"column":8}},"loc":{"start":{"line":27,"column":23},"end":{"line":33,"column":1}},"line":27},"2":{"name":"(anonymous_2)","decl":{"start":{"line":34,"column":31},"end":{"line":34,"column":32}},"loc":{"start":{"line":34,"column":43},"end":{"line":99,"column":1}},"line":34},"3":{"name":"(anonymous_3)","decl":{"start":{"line":38,"column":38},"end":{"line":38,"column":39}},"loc":{"start":{"line":38,"column":50},"end":{"line":63,"column":3}},"line":38},"4":{"name":"(anonymous_4)","decl":{"start":{"line":39,"column":36},"end":{"line":39,"column":37}},"loc":{"start":{"line":39,"column":52},"end":{"line":62,"column":5}},"line":39},"5":{"name":"(anonymous_5)","decl":{"start":{"line":45,"column":56},"end":{"line":45,"column":57}},"loc":{"start":{"line":45,"column":76},"end":{"line":61,"column":7}},"line":45},"6":{"name":"(anonymous_6)","decl":{"start":{"line":64,"column":57},"end":{"line":64,"column":58}},"loc":{"start":{"line":64,"column":69},"end":{"line":82,"column":3}},"line":64},"7":{"name":"(anonymous_7)","decl":{"start":{"line":65,"column":59},"end":{"line":65,"column":60}},"loc":{"start":{"line":65,"column":75},"end":{"line":81,"column":5}},"line":65},"8":{"name":"(anonymous_8)","decl":{"start":{"line":71,"column":25},"end":{"line":71,"column":26}},"loc":{"start":{"line":71,"column":45},"end":{"line":80,"column":7}},"line":71},"9":{"name":"(anonymous_9)","decl":{"start":{"line":83,"column":64},"end":{"line":83,"column":65}},"loc":{"start":{"line":83,"column":76},"end":{"line":98,"column":3}},"line":83},"10":{"name":"(anonymous_10)","decl":{"start":{"line":84,"column":51},"end":{"line":84,"column":52}},"loc":{"start":{"line":84,"column":67},"end":{"line":97,"column":5}},"line":84},"11":{"name":"(anonymous_11)","decl":{"start":{"line":87,"column":25},"end":{"line":87,"column":26}},"loc":{"start":{"line":87,"column":45},"end":{"line":96,"column":7}},"line":87},"12":{"name":"(anonymous_12)","decl":{"start":{"line":100,"column":31},"end":{"line":100,"column":32}},"loc":{"start":{"line":100,"column":43},"end":{"line":161,"column":1}},"line":100},"13":{"name":"(anonymous_13)","decl":{"start":{"line":102,"column":39},"end":{"line":102,"column":40}},"loc":{"start":{"line":102,"column":51},"end":{"line":126,"column":3}},"line":102},"14":{"name":"(anonymous_14)","decl":{"start":{"line":103,"column":37},"end":{"line":103,"column":38}},"loc":{"start":{"line":103,"column":53},"end":{"line":125,"column":5}},"line":103},"15":{"name":"(anonymous_15)","decl":{"start":{"line":107,"column":56},"end":{"line":107,"column":57}},"loc":{"start":{"line":107,"column":76},"end":{"line":124,"column":7}},"line":107},"16":{"name":"(anonymous_16)","decl":{"start":{"line":127,"column":59},"end":{"line":127,"column":60}},"loc":{"start":{"line":127,"column":71},"end":{"line":143,"column":3}},"line":127},"17":{"name":"(anonymous_17)","decl":{"start":{"line":128,"column":44},"end":{"line":128,"column":45}},"loc":{"start":{"line":128,"column":60},"end":{"line":142,"column":5}},"line":128},"18":{"name":"(anonymous_18)","decl":{"start":{"line":132,"column":25},"end":{"line":132,"column":26}},"loc":{"start":{"line":132,"column":45},"end":{"line":141,"column":7}},"line":132},"19":{"name":"(anonymous_19)","decl":{"start":{"line":144,"column":59},"end":{"line":144,"column":60}},"loc":{"start":{"line":144,"column":71},"end":{"line":160,"column":3}},"line":144},"20":{"name":"(anonymous_20)","decl":{"start":{"line":145,"column":43},"end":{"line":145,"column":44}},"loc":{"start":{"line":145,"column":59},"end":{"line":159,"column":5}},"line":145},"21":{"name":"(anonymous_21)","decl":{"start":{"line":149,"column":25},"end":{"line":149,"column":26}},"loc":{"start":{"line":149,"column":45},"end":{"line":158,"column":7}},"line":149},"22":{"name":"(anonymous_22)","decl":{"start":{"line":162,"column":39},"end":{"line":162,"column":40}},"loc":{"start":{"line":162,"column":51},"end":{"line":199,"column":1}},"line":162},"23":{"name":"(anonymous_23)","decl":{"start":{"line":164,"column":29},"end":{"line":164,"column":30}},"loc":{"start":{"line":164,"column":41},"end":{"line":183,"column":3}},"line":164},"24":{"name":"(anonymous_24)","decl":{"start":{"line":165,"column":33},"end":{"line":165,"column":34}},"loc":{"start":{"line":165,"column":49},"end":{"line":182,"column":5}},"line":165},"25":{"name":"(anonymous_25)","decl":{"start":{"line":166,"column":106},"end":{"line":166,"column":107}},"loc":{"start":{"line":166,"column":126},"end":{"line":181,"column":7}},"line":166},"26":{"name":"(anonymous_26)","decl":{"start":{"line":184,"column":30},"end":{"line":184,"column":31}},"loc":{"start":{"line":184,"column":42},"end":{"line":198,"column":3}},"line":184},"27":{"name":"(anonymous_27)","decl":{"start":{"line":185,"column":48},"end":{"line":185,"column":49}},"loc":{"start":{"line":185,"column":64},"end":{"line":197,"column":5}},"line":185},"28":{"name":"(anonymous_28)","decl":{"start":{"line":186,"column":77},"end":{"line":186,"column":78}},"loc":{"start":{"line":186,"column":97},"end":{"line":196,"column":7}},"line":186},"29":{"name":"(anonymous_29)","decl":{"start":{"line":200,"column":20},"end":{"line":200,"column":21}},"loc":{"start":{"line":200,"column":32},"end":{"line":242,"column":1}},"line":200},"30":{"name":"(anonymous_30)","decl":{"start":{"line":202,"column":44},"end":{"line":202,"column":45}},"loc":{"start":{"line":202,"column":56},"end":{"line":209,"column":3}},"line":202},"31":{"name":"(anonymous_31)","decl":{"start":{"line":203,"column":33},"end":{"line":203,"column":34}},"loc":{"start":{"line":203,"column":49},"end":{"line":208,"column":5}},"line":203},"32":{"name":"(anonymous_32)","decl":{"start":{"line":204,"column":40},"end":{"line":204,"column":41}},"loc":{"start":{"line":204,"column":60},"end":{"line":207,"column":7}},"line":204},"33":{"name":"(anonymous_33)","decl":{"start":{"line":210,"column":29},"end":{"line":210,"column":30}},"loc":{"start":{"line":210,"column":41},"end":{"line":217,"column":3}},"line":210},"34":{"name":"(anonymous_34)","decl":{"start":{"line":211,"column":63},"end":{"line":211,"column":64}},"loc":{"start":{"line":211,"column":79},"end":{"line":216,"column":5}},"line":211},"35":{"name":"(anonymous_35)","decl":{"start":{"line":212,"column":39},"end":{"line":212,"column":40}},"loc":{"start":{"line":212,"column":59},"end":{"line":215,"column":7}},"line":212},"36":{"name":"(anonymous_36)","decl":{"start":{"line":218,"column":54},"end":{"line":218,"column":55}},"loc":{"start":{"line":218,"column":66},"end":{"line":225,"column":3}},"line":218},"37":{"name":"(anonymous_37)","decl":{"start":{"line":219,"column":56},"end":{"line":219,"column":57}},"loc":{"start":{"line":219,"column":72},"end":{"line":224,"column":5}},"line":219},"38":{"name":"(anonymous_38)","decl":{"start":{"line":220,"column":49},"end":{"line":220,"column":50}},"loc":{"start":{"line":220,"column":69},"end":{"line":223,"column":7}},"line":220},"39":{"name":"(anonymous_39)","decl":{"start":{"line":226,"column":43},"end":{"line":226,"column":44}},"loc":{"start":{"line":226,"column":55},"end":{"line":233,"column":3}},"line":226},"40":{"name":"(anonymous_40)","decl":{"start":{"line":227,"column":68},"end":{"line":227,"column":69}},"loc":{"start":{"line":227,"column":84},"end":{"line":232,"column":5}},"line":227},"41":{"name":"(anonymous_41)","decl":{"start":{"line":228,"column":66},"end":{"line":228,"column":67}},"loc":{"start":{"line":228,"column":86},"end":{"line":231,"column":7}},"line":228},"42":{"name":"(anonymous_42)","decl":{"start":{"line":234,"column":38},"end":{"line":234,"column":39}},"loc":{"start":{"line":234,"column":50},"end":{"line":241,"column":3}},"line":234},"43":{"name":"(anonymous_43)","decl":{"start":{"line":235,"column":63},"end":{"line":235,"column":64}},"loc":{"start":{"line":235,"column":79},"end":{"line":240,"column":5}},"line":235},"44":{"name":"(anonymous_44)","decl":{"start":{"line":236,"column":56},"end":{"line":236,"column":57}},"loc":{"start":{"line":236,"column":76},"end":{"line":239,"column":7}},"line":236},"45":{"name":"(anonymous_45)","decl":{"start":{"line":243,"column":23},"end":{"line":243,"column":24}},"loc":{"start":{"line":243,"column":35},"end":{"line":285,"column":1}},"line":243},"46":{"name":"(anonymous_46)","decl":{"start":{"line":245,"column":38},"end":{"line":245,"column":39}},"loc":{"start":{"line":245,"column":50},"end":{"line":252,"column":3}},"line":245},"47":{"name":"(anonymous_47)","decl":{"start":{"line":246,"column":35},"end":{"line":246,"column":36}},"loc":{"start":{"line":246,"column":51},"end":{"line":251,"column":5}},"line":246},"48":{"name":"(anonymous_48)","decl":{"start":{"line":247,"column":43},"end":{"line":247,"column":44}},"loc":{"start":{"line":247,"column":63},"end":{"line":250,"column":7}},"line":247},"49":{"name":"(anonymous_49)","decl":{"start":{"line":253,"column":36},"end":{"line":253,"column":37}},"loc":{"start":{"line":253,"column":48},"end":{"line":260,"column":3}},"line":253},"50":{"name":"(anonymous_50)","decl":{"start":{"line":254,"column":48},"end":{"line":254,"column":49}},"loc":{"start":{"line":254,"column":64},"end":{"line":259,"column":5}},"line":254},"51":{"name":"(anonymous_51)","decl":{"start":{"line":255,"column":42},"end":{"line":255,"column":43}},"loc":{"start":{"line":255,"column":62},"end":{"line":258,"column":7}},"line":255},"52":{"name":"(anonymous_52)","decl":{"start":{"line":261,"column":47},"end":{"line":261,"column":48}},"loc":{"start":{"line":261,"column":59},"end":{"line":268,"column":3}},"line":261},"53":{"name":"(anonymous_53)","decl":{"start":{"line":262,"column":60},"end":{"line":262,"column":61}},"loc":{"start":{"line":262,"column":76},"end":{"line":267,"column":5}},"line":262},"54":{"name":"(anonymous_54)","decl":{"start":{"line":263,"column":42},"end":{"line":263,"column":43}},"loc":{"start":{"line":263,"column":62},"end":{"line":266,"column":7}},"line":263},"55":{"name":"(anonymous_55)","decl":{"start":{"line":269,"column":41},"end":{"line":269,"column":42}},"loc":{"start":{"line":269,"column":53},"end":{"line":276,"column":3}},"line":269},"56":{"name":"(anonymous_56)","decl":{"start":{"line":270,"column":37},"end":{"line":270,"column":38}},"loc":{"start":{"line":270,"column":53},"end":{"line":275,"column":5}},"line":270},"57":{"name":"(anonymous_57)","decl":{"start":{"line":271,"column":59},"end":{"line":271,"column":60}},"loc":{"start":{"line":271,"column":79},"end":{"line":274,"column":7}},"line":271},"58":{"name":"(anonymous_58)","decl":{"start":{"line":277,"column":31},"end":{"line":277,"column":32}},"loc":{"start":{"line":277,"column":43},"end":{"line":284,"column":3}},"line":277},"59":{"name":"(anonymous_59)","decl":{"start":{"line":278,"column":48},"end":{"line":278,"column":49}},"loc":{"start":{"line":278,"column":64},"end":{"line":283,"column":5}},"line":278},"60":{"name":"(anonymous_60)","decl":{"start":{"line":279,"column":54},"end":{"line":279,"column":55}},"loc":{"start":{"line":279,"column":74},"end":{"line":282,"column":7}},"line":279}},"branchMap":{"0":{"loc":{"start":{"line":13,"column":46},"end":{"line":13,"column":94}},"type":"cond-expr","locations":[{"start":{"line":13,"column":70},"end":{"line":13,"column":73}},{"start":{"line":13,"column":76},"end":{"line":13,"column":94}}],"line":13},"1":{"loc":{"start":{"line":13,"column":46},"end":{"line":13,"column":67}},"type":"binary-expr","locations":[{"start":{"line":13,"column":46},"end":{"line":13,"column":49}},{"start":{"line":13,"column":53},"end":{"line":13,"column":67}}],"line":13},"2":{"loc":{"start":{"line":46,"column":8},"end":{"line":46,"column":34}},"type":"if","locations":[{"start":{"line":46,"column":8},"end":{"line":46,"column":34}},{"start":{"line":46,"column":8},"end":{"line":46,"column":34}}],"line":46},"3":{"loc":{"start":{"line":109,"column":8},"end":{"line":109,"column":34}},"type":"if","locations":[{"start":{"line":109,"column":8},"end":{"line":109,"column":34}},{"start":{"line":109,"column":8},"end":{"line":109,"column":34}}],"line":109},"4":{"loc":{"start":{"line":167,"column":8},"end":{"line":167,"column":34}},"type":"if","locations":[{"start":{"line":167,"column":8},"end":{"line":167,"column":34}},{"start":{"line":167,"column":8},"end":{"line":167,"column":34}}],"line":167},"5":{"loc":{"start":{"line":187,"column":8},"end":{"line":187,"column":34}},"type":"if","locations":[{"start":{"line":187,"column":8},"end":{"line":187,"column":34}},{"start":{"line":187,"column":8},"end":{"line":187,"column":34}}],"line":187},"6":{"loc":{"start":{"line":205,"column":8},"end":{"line":205,"column":34}},"type":"if","locations":[{"start":{"line":205,"column":8},"end":{"line":205,"column":34}},{"start":{"line":205,"column":8},"end":{"line":205,"column":34}}],"line":205},"7":{"loc":{"start":{"line":213,"column":8},"end":{"line":213,"column":34}},"type":"if","locations":[{"start":{"line":213,"column":8},"end":{"line":213,"column":34}},{"start":{"line":213,"column":8},"end":{"line":213,"column":34}}],"line":213},"8":{"loc":{"start":{"line":221,"column":8},"end":{"line":221,"column":34}},"type":"if","locations":[{"start":{"line":221,"column":8},"end":{"line":221,"column":34}},{"start":{"line":221,"column":8},"end":{"line":221,"column":34}}],"line":221},"9":{"loc":{"start":{"line":229,"column":8},"end":{"line":229,"column":34}},"type":"if","locations":[{"start":{"line":229,"column":8},"end":{"line":229,"column":34}},{"start":{"line":229,"column":8},"end":{"line":229,"column":34}}],"line":229},"10":{"loc":{"start":{"line":237,"column":8},"end":{"line":237,"column":34}},"type":"if","locations":[{"start":{"line":237,"column":8},"end":{"line":237,"column":34}},{"start":{"line":237,"column":8},"end":{"line":237,"column":34}}],"line":237},"11":{"loc":{"start":{"line":248,"column":8},"end":{"line":248,"column":34}},"type":"if","locations":[{"start":{"line":248,"column":8},"end":{"line":248,"column":34}},{"start":{"line":248,"column":8},"end":{"line":248,"column":34}}],"line":248},"12":{"loc":{"start":{"line":256,"column":8},"end":{"line":256,"column":34}},"type":"if","locations":[{"start":{"line":256,"column":8},"end":{"line":256,"column":34}},{"start":{"line":256,"column":8},"end":{"line":256,"column":34}}],"line":256},"13":{"loc":{"start":{"line":264,"column":8},"end":{"line":264,"column":34}},"type":"if","locations":[{"start":{"line":264,"column":8},"end":{"line":264,"column":34}},{"start":{"line":264,"column":8},"end":{"line":264,"column":34}}],"line":264},"14":{"loc":{"start":{"line":272,"column":8},"end":{"line":272,"column":34}},"type":"if","locations":[{"start":{"line":272,"column":8},"end":{"line":272,"column":34}},{"start":{"line":272,"column":8},"end":{"line":272,"column":34}}],"line":272},"15":{"loc":{"start":{"line":280,"column":8},"end":{"line":280,"column":34}},"type":"if","locations":[{"start":{"line":280,"column":8},"end":{"line":280,"column":34}},{"start":{"line":280,"column":8},"end":{"line":280,"column":34}}],"line":280}},"s":{"0":1,"1":1,"2":1,"3":1,"4":1,"5":4,"6":1,"7":1,"8":1,"9":1,"10":1,"11":1,"12":1,"13":1,"14":1,"15":1,"16":1,"17":1,"18":1,"19":1,"20":1,"21":1,"22":1,"23":1,"24":1,"25":1,"26":0,"27":1,"28":1,"29":1,"30":1,"31":1,"32":1,"33":1,"34":1,"35":1,"36":1,"37":1,"38":1,"39":1,"40":1,"41":1,"42":1,"43":1,"44":1,"45":1,"46":1,"47":1,"48":1,"49":1,"50":1,"51":1,"52":1,"53":1,"54":1,"55":1,"56":1,"57":1,"58":1,"59":1,"60":1,"61":1,"62":1,"63":1,"64":1,"65":1,"66":1,"67":1,"68":1,"69":1,"70":0,"71":1,"72":1,"73":1,"74":1,"75":1,"76":1,"77":1,"78":1,"79":1,"80":1,"81":1,"82":1,"83":1,"84":1,"85":1,"86":1,"87":1,"88":1,"89":1,"90":1,"91":1,"92":1,"93":1,"94":1,"95":1,"96":1,"97":1,"98":1,"99":1,"100":1,"101":1,"102":1,"103":1,"104":1,"105":1,"106":1,"107":1,"108":1,"109":1,"110":1,"111":1,"112":1,"113":0,"114":1,"115":1,"116":1,"117":1,"118":1,"119":1,"120":1,"121":1,"122":1,"123":1,"124":1,"125":1,"126":1,"127":1,"128":1,"129":1,"130":1,"131":0,"132":1,"133":1,"134":1,"135":1,"136":1,"137":1,"138":1,"139":1,"140":1,"141":1,"142":1,"143":1,"144":1,"145":1,"146":0,"147":1,"148":1,"149":1,"150":1,"151":1,"152":0,"153":1,"154":1,"155":1,"156":1,"157":1,"158":0,"159":1,"160":1,"161":1,"162":1,"163":1,"164":0,"165":1,"166":1,"167":1,"168":1,"169":1,"170":0,"171":1,"172":1,"173":1,"174":1,"175":1,"176":1,"177":1,"178":0,"179":1,"180":1,"181":1,"182":1,"183":1,"184":0,"185":1,"186":1,"187":1,"188":1,"189":1,"190":0,"191":1,"192":1,"193":1,"194":1,"195":1,"196":0,"197":1,"198":1,"199":1,"200":1,"201":1,"202":0,"203":1},"f":{"0":4,"1":1,"2":1,"3":1,"4":1,"5":1,"6":1,"7":1,"8":1,"9":1,"10":1,"11":1,"12":1,"13":1,"14":1,"15":1,"16":1,"17":1,"18":1,"19":1,"20":1,"21":1,"22":1,"23":1,"24":1,"25":1,"26":1,"27":1,"28":1,"29":1,"30":1,"31":1,"32":1,"33":1,"34":1,"35":1,"36":1,"37":1,"38":1,"39":1,"40":1,"41":1,"42":1,"43":1,"44":1,"45":1,"46":1,"47":1,"48":1,"49":1,"50":1,"51":1,"52":1,"53":1,"54":1,"55":1,"56":1,"57":1,"58":1,"59":1,"60":1},"b":{"0":[1,3],"1":[4,4],"2":[0,1],"3":[0,1],"4":[0,1],"5":[0,1],"6":[0,1],"7":[0,1],"8":[0,1],"9":[0,1],"10":[0,1],"11":[0,1],"12":[0,1],"13":[0,1],"14":[0,1],"15":[0,1]},"_coverageSchema":"43e27e138ebf9cfc5966b082cf9a028302ed4184","hash":"64de39557bfb619e9505178dbdfab500c76f867d","contentHash":"c1ef7428dbbfb0d0ed833c1be04037dc53dbd0f1b861421706c1fc4723dfbc27"},"C:\\The Place\\My Web Projects\\Andela\\Andela Developer Challenge\\WayFarer Challenge\\WayFarer\\src\\app.js":{"path":"C:\\The Place\\My Web Projects\\Andela\\Andela Developer Challenge\\WayFarer Challenge\\WayFarer\\src\\app.js","statementMap":{"0":{"start":{"line":3,"column":0},"end":{"line":5,"column":3}},"1":{"start":{"line":6,"column":0},"end":{"line":6,"column":28}},"2":{"start":{"line":8,"column":0},"end":{"line":8,"column":27}},"3":{"start":{"line":10,"column":15},"end":{"line":10,"column":57}},"4":{"start":{"line":12,"column":14},"end":{"line":12,"column":55}},"5":{"start":{"line":14,"column":14},"end":{"line":14,"column":55}},"6":{"start":{"line":16,"column":18},"end":{"line":16,"column":64}},"7":{"start":{"line":18,"column":12},"end":{"line":18,"column":51}},"8":{"start":{"line":20,"column":13},"end":{"line":20,"column":62}},"9":{"start":{"line":22,"column":24},"end":{"line":22,"column":77}},"10":{"start":{"line":24,"column":15},"end":{"line":24,"column":65}},"11":{"start":{"line":26,"column":39},"end":{"line":26,"column":95}},"12":{"start":{"line":28,"column":0},"end":{"line":28,"column":28}},"13":{"start":{"line":30,"column":10},"end":{"line":30,"column":36}},"14":{"start":{"line":31,"column":0},"end":{"line":31,"column":40}},"15":{"start":{"line":32,"column":0},"end":{"line":32,"column":39}},"16":{"start":{"line":33,"column":0},"end":{"line":35,"column":4}},"17":{"start":{"line":36,"column":0},"end":{"line":36,"column":33}},"18":{"start":{"line":37,"column":0},"end":{"line":37,"column":114}},"19":{"start":{"line":38,"column":0},"end":{"line":38,"column":38}},"20":{"start":{"line":39,"column":0},"end":{"line":41,"column":3}},"21":{"start":{"line":40,"column":2},"end":{"line":40,"column":58}},"22":{"start":{"line":43,"column":0},"end":{"line":47,"column":3}},"23":{"start":{"line":44,"column":12},"end":{"line":44,"column":34}},"24":{"start":{"line":45,"column":2},"end":{"line":45,"column":19}},"25":{"start":{"line":46,"column":2},"end":{"line":46,"column":12}},"26":{"start":{"line":49,"column":0},"end":{"line":51,"column":3}},"27":{"start":{"line":50,"column":2},"end":{"line":50,"column":51}},"28":{"start":{"line":50,"column":25},"end":{"line":50,"column":51}},"29":{"start":{"line":52,"column":11},"end":{"line":52,"column":49}},"30":{"start":{"line":54,"column":0},"end":{"line":58,"column":1}},"31":{"start":{"line":55,"column":2},"end":{"line":57,"column":5}},"32":{"start":{"line":56,"column":4},"end":{"line":56,"column":48}},"33":{"start":{"line":60,"column":15},"end":{"line":60,"column":18}},"34":{"start":{"line":61,"column":0},"end":{"line":61,"column":30}}},"fnMap":{"0":{"name":"_interopRequireDefault","decl":{"start":{"line":26,"column":9},"end":{"line":26,"column":31}},"loc":{"start":{"line":26,"column":37},"end":{"line":26,"column":97}},"line":26},"1":{"name":"(anonymous_1)","decl":{"start":{"line":39,"column":21},"end":{"line":39,"column":22}},"loc":{"start":{"line":39,"column":41},"end":{"line":41,"column":1}},"line":39},"2":{"name":"(anonymous_2)","decl":{"start":{"line":43,"column":8},"end":{"line":43,"column":9}},"loc":{"start":{"line":43,"column":34},"end":{"line":47,"column":1}},"line":43},"3":{"name":"(anonymous_3)","decl":{"start":{"line":49,"column":8},"end":{"line":49,"column":9}},"loc":{"start":{"line":49,"column":39},"end":{"line":51,"column":1}},"line":49},"4":{"name":"(anonymous_4)","decl":{"start":{"line":55,"column":19},"end":{"line":55,"column":20}},"loc":{"start":{"line":55,"column":31},"end":{"line":57,"column":3}},"line":55}},"branchMap":{"0":{"loc":{"start":{"line":26,"column":46},"end":{"line":26,"column":94}},"type":"cond-expr","locations":[{"start":{"line":26,"column":70},"end":{"line":26,"column":73}},{"start":{"line":26,"column":76},"end":{"line":26,"column":94}}],"line":26},"1":{"loc":{"start":{"line":26,"column":46},"end":{"line":26,"column":67}},"type":"binary-expr","locations":[{"start":{"line":26,"column":46},"end":{"line":26,"column":49}},{"start":{"line":26,"column":53},"end":{"line":26,"column":67}}],"line":26},"2":{"loc":{"start":{"line":50,"column":2},"end":{"line":50,"column":51}},"type":"if","locations":[{"start":{"line":50,"column":2},"end":{"line":50,"column":51}},{"start":{"line":50,"column":2},"end":{"line":50,"column":51}}],"line":50},"3":{"loc":{"start":{"line":52,"column":11},"end":{"line":52,"column":49}},"type":"binary-expr","locations":[{"start":{"line":52,"column":11},"end":{"line":52,"column":41}},{"start":{"line":52,"column":45},"end":{"line":52,"column":49}}],"line":52},"4":{"loc":{"start":{"line":54,"column":0},"end":{"line":58,"column":1}},"type":"if","locations":[{"start":{"line":54,"column":0},"end":{"line":58,"column":1}},{"start":{"line":54,"column":0},"end":{"line":58,"column":1}}],"line":54}},"s":{"0":1,"1":1,"2":1,"3":1,"4":1,"5":1,"6":1,"7":1,"8":1,"9":1,"10":1,"11":8,"12":1,"13":1,"14":1,"15":1,"16":1,"17":1,"18":1,"19":1,"20":1,"21":0,"22":1,"23":2,"24":2,"25":2,"26":1,"27":2,"28":2,"29":1,"30":1,"31":0,"32":0,"33":1,"34":1},"f":{"0":8,"1":0,"2":2,"3":2,"4":0},"b":{"0":[1,7],"1":[8,8],"2":[2,0],"3":[1,1],"4":[0,1]},"_coverageSchema":"43e27e138ebf9cfc5966b082cf9a028302ed4184","hash":"a55bc1c89386499a6af00d77805f8e38632a2d87","contentHash":"fdbb2d6c8b7459e21dc385ee8ccd825e948c15ebffd7487838ca481186b698c0"},"C:\\The Place\\My Web Projects\\Andela\\Andela Developer Challenge\\WayFarer Challenge\\WayFarer\\src\\routes\\index.js":{"path":"C:\\The Place\\My Web Projects\\Andela\\Andela Developer Challenge\\WayFarer Challenge\\WayFarer\\src\\routes\\index.js","statementMap":{"0":{"start":{"line":3,"column":0},"end":{"line":5,"column":3}},"1":{"start":{"line":6,"column":0},"end":{"line":6,"column":28}},"2":{"start":{"line":8,"column":15},"end":{"line":8,"column":57}},"3":{"start":{"line":10,"column":12},"end":{"line":10,"column":53}},"4":{"start":{"line":12,"column":13},"end":{"line":12,"column":55}},"5":{"start":{"line":14,"column":16},"end":{"line":14,"column":61}},"6":{"start":{"line":16,"column":39},"end":{"line":16,"column":95}},"7":{"start":{"line":18,"column":9},"end":{"line":18,"column":37}},"8":{"start":{"line":20,"column":0},"end":{"line":20,"column":34}},"9":{"start":{"line":21,"column":0},"end":{"line":21,"column":36}},"10":{"start":{"line":22,"column":0},"end":{"line":22,"column":42}},"11":{"start":{"line":23,"column":15},"end":{"line":23,"column":17}},"12":{"start":{"line":24,"column":0},"end":{"line":24,"column":30}}},"fnMap":{"0":{"name":"_interopRequireDefault","decl":{"start":{"line":16,"column":9},"end":{"line":16,"column":31}},"loc":{"start":{"line":16,"column":37},"end":{"line":16,"column":97}},"line":16}},"branchMap":{"0":{"loc":{"start":{"line":16,"column":46},"end":{"line":16,"column":94}},"type":"cond-expr","locations":[{"start":{"line":16,"column":70},"end":{"line":16,"column":73}},{"start":{"line":16,"column":76},"end":{"line":16,"column":94}}],"line":16},"1":{"loc":{"start":{"line":16,"column":46},"end":{"line":16,"column":67}},"type":"binary-expr","locations":[{"start":{"line":16,"column":46},"end":{"line":16,"column":49}},{"start":{"line":16,"column":53},"end":{"line":16,"column":67}}],"line":16}},"s":{"0":1,"1":1,"2":1,"3":1,"4":1,"5":1,"6":4,"7":1,"8":1,"9":1,"10":1,"11":1,"12":1},"f":{"0":4},"b":{"0":[3,1],"1":[4,4]},"_coverageSchema":"43e27e138ebf9cfc5966b082cf9a028302ed4184","hash":"8f393cdc04216709a8511e85a7fa41767ef94215","contentHash":"f47fd7dafe79e6a12e8136a22817b1c24481891398803eaecad20d3a7001204c"},"C:\\The Place\\My Web Projects\\Andela\\Andela Developer Challenge\\WayFarer Challenge\\WayFarer\\src\\routes\\auth.js":{"path":"C:\\The Place\\My Web Projects\\Andela\\Andela Developer Challenge\\WayFarer Challenge\\WayFarer\\src\\routes\\auth.js","statementMap":{"0":{"start":{"line":3,"column":0},"end":{"line":5,"column":3}},"1":{"start":{"line":6,"column":0},"end":{"line":6,"column":28}},"2":{"start":{"line":8,"column":15},"end":{"line":8,"column":57}},"3":{"start":{"line":10,"column":22},"end":{"line":10,"column":86}},"4":{"start":{"line":12,"column":12},"end":{"line":12,"column":66}},"5":{"start":{"line":14,"column":39},"end":{"line":14,"column":95}},"6":{"start":{"line":16,"column":11},"end":{"line":16,"column":39}},"7":{"start":{"line":21,"column":0},"end":{"line":21,"column":56}},"8":{"start":{"line":25,"column":0},"end":{"line":25,"column":56}},"9":{"start":{"line":29,"column":0},"end":{"line":29,"column":69}},"10":{"start":{"line":30,"column":15},"end":{"line":30,"column":19}},"11":{"start":{"line":31,"column":0},"end":{"line":31,"column":30}}},"fnMap":{"0":{"name":"_interopRequireDefault","decl":{"start":{"line":14,"column":9},"end":{"line":14,"column":31}},"loc":{"start":{"line":14,"column":37},"end":{"line":14,"column":97}},"line":14}},"branchMap":{"0":{"loc":{"start":{"line":14,"column":46},"end":{"line":14,"column":94}},"type":"cond-expr","locations":[{"start":{"line":14,"column":70},"end":{"line":14,"column":73}},{"start":{"line":14,"column":76},"end":{"line":14,"column":94}}],"line":14},"1":{"loc":{"start":{"line":14,"column":46},"end":{"line":14,"column":67}},"type":"binary-expr","locations":[{"start":{"line":14,"column":46},"end":{"line":14,"column":49}},{"start":{"line":14,"column":53},"end":{"line":14,"column":67}}],"line":14}},"s":{"0":1,"1":1,"2":1,"3":1,"4":1,"5":3,"6":1,"7":1,"8":1,"9":1,"10":1,"11":1},"f":{"0":3},"b":{"0":[2,1],"1":[3,3]},"_coverageSchema":"43e27e138ebf9cfc5966b082cf9a028302ed4184","hash":"ac464592b6d63786dbd6da0382af0e153d887790","contentHash":"4c1da9d2695845b9a6c664179e58e387a28a72b398250ddd3a495b3b9ccd3009"},"C:\\The Place\\My Web Projects\\Andela\\Andela Developer Challenge\\WayFarer Challenge\\WayFarer\\src\\controllers\\authController.js":{"path":"C:\\The Place\\My Web Projects\\Andela\\Andela Developer Challenge\\WayFarer Challenge\\WayFarer\\src\\controllers\\authController.js","statementMap":{"0":{"start":{"line":3,"column":0},"end":{"line":5,"column":3}},"1":{"start":{"line":6,"column":0},"end":{"line":6,"column":28}},"2":{"start":{"line":8,"column":16},"end":{"line":8,"column":59}},"3":{"start":{"line":10,"column":20},"end":{"line":10,"column":67}},"4":{"start":{"line":12,"column":14},"end":{"line":12,"column":55}},"5":{"start":{"line":14,"column":17},"end":{"line":14,"column":71}},"6":{"start":{"line":16,"column":39},"end":{"line":16,"column":95}},"7":{"start":{"line":18,"column":77},"end":{"line":18,"column":175}},"8":{"start":{"line":18,"column":94},"end":{"line":18,"column":107}},"9":{"start":{"line":18,"column":121},"end":{"line":18,"column":131}},"10":{"start":{"line":18,"column":151},"end":{"line":18,"column":165}},"11":{"start":{"line":18,"column":166},"end":{"line":18,"column":173}},"12":{"start":{"line":18,"column":176},"end":{"line":18,"column":263}},"13":{"start":{"line":18,"column":193},"end":{"line":18,"column":208}},"14":{"start":{"line":18,"column":218},"end":{"line":18,"column":261}},"15":{"start":{"line":20,"column":33},"end":{"line":20,"column":387}},"16":{"start":{"line":20,"column":65},"end":{"line":20,"column":69}},"17":{"start":{"line":20,"column":78},"end":{"line":20,"column":87}},"18":{"start":{"line":20,"column":89},"end":{"line":20,"column":384}},"19":{"start":{"line":20,"column":147},"end":{"line":20,"column":167}},"20":{"start":{"line":20,"column":193},"end":{"line":20,"column":264}},"21":{"start":{"line":20,"column":290},"end":{"line":20,"column":360}},"22":{"start":{"line":20,"column":363},"end":{"line":20,"column":380}},"23":{"start":{"line":22,"column":50},"end":{"line":22,"column":151}},"24":{"start":{"line":22,"column":92},"end":{"line":22,"column":149}},"25":{"start":{"line":24,"column":44},"end":{"line":24,"column":315}},"26":{"start":{"line":24,"column":57},"end":{"line":24,"column":58}},"27":{"start":{"line":24,"column":102},"end":{"line":24,"column":110}},"28":{"start":{"line":24,"column":112},"end":{"line":24,"column":167}},"29":{"start":{"line":24,"column":168},"end":{"line":24,"column":199}},"30":{"start":{"line":24,"column":200},"end":{"line":24,"column":254}},"31":{"start":{"line":24,"column":227},"end":{"line":24,"column":254}},"32":{"start":{"line":24,"column":255},"end":{"line":24,"column":313}},"33":{"start":{"line":26,"column":62},"end":{"line":26,"column":131}},"34":{"start":{"line":26,"column":78},"end":{"line":26,"column":131}},"35":{"start":{"line":26,"column":132},"end":{"line":26,"column":193}},"36":{"start":{"line":26,"column":149},"end":{"line":26,"column":193}},"37":{"start":{"line":26,"column":194},"end":{"line":26,"column":213}},"38":{"start":{"line":30,"column":0},"end":{"line":318,"column":3}},"39":{"start":{"line":32,"column":4},"end":{"line":32,"column":42}},"40":{"start":{"line":34,"column":4},"end":{"line":34,"column":32}},"41":{"start":{"line":37,"column":2},"end":{"line":315,"column":6}},"42":{"start":{"line":40,"column":20},"end":{"line":175,"column":9}},"43":{"start":{"line":45,"column":8},"end":{"line":174,"column":21}},"44":{"start":{"line":46,"column":10},"end":{"line":173,"column":11}},"45":{"start":{"line":47,"column":12},"end":{"line":172,"column":13}},"46":{"start":{"line":49,"column":16},"end":{"line":49,"column":161}},"47":{"start":{"line":51,"column":16},"end":{"line":54,"column":17}},"48":{"start":{"line":52,"column":18},"end":{"line":52,"column":37}},"49":{"start":{"line":53,"column":18},"end":{"line":53,"column":24}},"50":{"start":{"line":56,"column":16},"end":{"line":59,"column":20}},"51":{"start":{"line":62,"column":16},"end":{"line":62,"column":35}},"52":{"start":{"line":63,"column":16},"end":{"line":63,"column":67}},"53":{"start":{"line":66,"column":16},"end":{"line":66,"column":38}},"54":{"start":{"line":68,"column":16},"end":{"line":71,"column":17}},"55":{"start":{"line":69,"column":18},"end":{"line":69,"column":37}},"56":{"start":{"line":70,"column":18},"end":{"line":70,"column":24}},"57":{"start":{"line":73,"column":16},"end":{"line":76,"column":20}},"58":{"start":{"line":80,"column":16},"end":{"line":167,"column":21}},"59":{"start":{"line":83,"column":29},"end":{"line":162,"column":21}},"60":{"start":{"line":86,"column":20},"end":{"line":161,"column":33}},"61":{"start":{"line":87,"column":22},"end":{"line":160,"column":23}},"62":{"start":{"line":88,"column":24},"end":{"line":159,"column":25}},"63":{"start":{"line":90,"column":28},"end":{"line":90,"column":47}},"64":{"start":{"line":91,"column":28},"end":{"line":154,"column":33}},"65":{"start":{"line":94,"column":42},"end":{"line":149,"column":33}},"66":{"start":{"line":98,"column":32},"end":{"line":148,"column":44}},"67":{"start":{"line":99,"column":34},"end":{"line":147,"column":35}},"68":{"start":{"line":100,"column":36},"end":{"line":146,"column":37}},"69":{"start":{"line":102,"column":40},"end":{"line":105,"column":41}},"70":{"start":{"line":103,"column":42},"end":{"line":103,"column":60}},"71":{"start":{"line":104,"column":42},"end":{"line":104,"column":48}},"72":{"start":{"line":107,"column":40},"end":{"line":107,"column":50}},"73":{"start":{"line":110,"column":40},"end":{"line":110,"column":59}},"74":{"start":{"line":112,"column":40},"end":{"line":112,"column":58}},"75":{"start":{"line":113,"column":40},"end":{"line":118,"column":43}},"76":{"start":{"line":121,"column":40},"end":{"line":121,"column":64}},"77":{"start":{"line":124,"column":40},"end":{"line":141,"column":43}},"78":{"start":{"line":129,"column":42},"end":{"line":129,"column":61}},"79":{"start":{"line":129,"column":51},"end":{"line":129,"column":61}},"80":{"start":{"line":130,"column":42},"end":{"line":140,"column":45}},"81":{"start":{"line":145,"column":40},"end":{"line":145,"column":63}},"82":{"start":{"line":151,"column":30},"end":{"line":153,"column":32}},"83":{"start":{"line":152,"column":32},"end":{"line":152,"column":68}},"84":{"start":{"line":158,"column":28},"end":{"line":158,"column":52}},"85":{"start":{"line":164,"column":18},"end":{"line":166,"column":20}},"86":{"start":{"line":165,"column":20},"end":{"line":165,"column":55}},"87":{"start":{"line":171,"column":16},"end":{"line":171,"column":40}},"88":{"start":{"line":178,"column":8},"end":{"line":178,"column":46}},"89":{"start":{"line":181,"column":6},"end":{"line":181,"column":20}},"90":{"start":{"line":186,"column":20},"end":{"line":258,"column":9}},"91":{"start":{"line":191,"column":8},"end":{"line":257,"column":21}},"92":{"start":{"line":192,"column":10},"end":{"line":256,"column":11}},"93":{"start":{"line":193,"column":12},"end":{"line":255,"column":13}},"94":{"start":{"line":195,"column":16},"end":{"line":195,"column":96}},"95":{"start":{"line":197,"column":16},"end":{"line":200,"column":17}},"96":{"start":{"line":198,"column":18},"end":{"line":198,"column":37}},"97":{"start":{"line":199,"column":18},"end":{"line":199,"column":24}},"98":{"start":{"line":202,"column":16},"end":{"line":205,"column":20}},"99":{"start":{"line":208,"column":16},"end":{"line":208,"column":35}},"100":{"start":{"line":209,"column":16},"end":{"line":209,"column":67}},"101":{"start":{"line":212,"column":16},"end":{"line":212,"column":38}},"102":{"start":{"line":214,"column":16},"end":{"line":217,"column":17}},"103":{"start":{"line":215,"column":18},"end":{"line":215,"column":37}},"104":{"start":{"line":216,"column":18},"end":{"line":216,"column":24}},"105":{"start":{"line":219,"column":16},"end":{"line":222,"column":20}},"106":{"start":{"line":226,"column":16},"end":{"line":250,"column":19}},"107":{"start":{"line":227,"column":18},"end":{"line":230,"column":21}},"108":{"start":{"line":227,"column":32},"end":{"line":230,"column":21}},"109":{"start":{"line":232,"column":18},"end":{"line":249,"column":21}},"110":{"start":{"line":237,"column":20},"end":{"line":237,"column":39}},"111":{"start":{"line":237,"column":29},"end":{"line":237,"column":39}},"112":{"start":{"line":238,"column":20},"end":{"line":248,"column":23}},"113":{"start":{"line":254,"column":16},"end":{"line":254,"column":40}},"114":{"start":{"line":261,"column":8},"end":{"line":261,"column":46}},"115":{"start":{"line":264,"column":6},"end":{"line":264,"column":20}},"116":{"start":{"line":269,"column":18},"end":{"line":307,"column":9}},"117":{"start":{"line":273,"column":8},"end":{"line":306,"column":21}},"118":{"start":{"line":274,"column":10},"end":{"line":305,"column":11}},"119":{"start":{"line":275,"column":12},"end":{"line":304,"column":13}},"120":{"start":{"line":277,"column":16},"end":{"line":277,"column":37}},"121":{"start":{"line":279,"column":16},"end":{"line":279,"column":35}},"122":{"start":{"line":280,"column":16},"end":{"line":280,"column":65}},"123":{"start":{"line":283,"column":16},"end":{"line":283,"column":38}},"124":{"start":{"line":285,"column":16},"end":{"line":288,"column":17}},"125":{"start":{"line":286,"column":18},"end":{"line":286,"column":37}},"126":{"start":{"line":287,"column":18},"end":{"line":287,"column":24}},"127":{"start":{"line":290,"column":16},"end":{"line":299,"column":20}},"128":{"start":{"line":303,"column":16},"end":{"line":303,"column":40}},"129":{"start":{"line":310,"column":8},"end":{"line":310,"column":44}},"130":{"start":{"line":313,"column":6},"end":{"line":313,"column":18}},"131":{"start":{"line":317,"column":2},"end":{"line":317,"column":24}},"132":{"start":{"line":320,"column":15},"end":{"line":320,"column":29}},"133":{"start":{"line":321,"column":0},"end":{"line":321,"column":30}}},"fnMap":{"0":{"name":"_interopRequireDefault","decl":{"start":{"line":16,"column":9},"end":{"line":16,"column":31}},"loc":{"start":{"line":16,"column":37},"end":{"line":16,"column":97}},"line":16},"1":{"name":"asyncGeneratorStep","decl":{"start":{"line":18,"column":9},"end":{"line":18,"column":27}},"loc":{"start":{"line":18,"column":75},"end":{"line":18,"column":265}},"line":18},"2":{"name":"_asyncToGenerator","decl":{"start":{"line":20,"column":9},"end":{"line":20,"column":26}},"loc":{"start":{"line":20,"column":31},"end":{"line":20,"column":389}},"line":20},"3":{"name":"(anonymous_3)","decl":{"start":{"line":20,"column":40},"end":{"line":20,"column":41}},"loc":{"start":{"line":20,"column":52},"end":{"line":20,"column":386}},"line":20},"4":{"name":"(anonymous_4)","decl":{"start":{"line":20,"column":108},"end":{"line":20,"column":109}},"loc":{"start":{"line":20,"column":135},"end":{"line":20,"column":382}},"line":20},"5":{"name":"_next","decl":{"start":{"line":20,"column":178},"end":{"line":20,"column":183}},"loc":{"start":{"line":20,"column":191},"end":{"line":20,"column":266}},"line":20},"6":{"name":"_throw","decl":{"start":{"line":20,"column":276},"end":{"line":20,"column":282}},"loc":{"start":{"line":20,"column":288},"end":{"line":20,"column":362}},"line":20},"7":{"name":"_classCallCheck","decl":{"start":{"line":22,"column":9},"end":{"line":22,"column":24}},"loc":{"start":{"line":22,"column":48},"end":{"line":22,"column":153}},"line":22},"8":{"name":"_defineProperties","decl":{"start":{"line":24,"column":9},"end":{"line":24,"column":26}},"loc":{"start":{"line":24,"column":42},"end":{"line":24,"column":317}},"line":24},"9":{"name":"_createClass","decl":{"start":{"line":26,"column":9},"end":{"line":26,"column":21}},"loc":{"start":{"line":26,"column":60},"end":{"line":26,"column":215}},"line":26},"10":{"name":"(anonymous_10)","decl":{"start":{"line":30,"column":0},"end":{"line":30,"column":1}},"loc":{"start":{"line":30,"column":12},"end":{"line":318,"column":1}},"line":30},"11":{"name":"authController","decl":{"start":{"line":31,"column":11},"end":{"line":31,"column":25}},"loc":{"start":{"line":31,"column":28},"end":{"line":35,"column":3}},"line":31},"12":{"name":"(anonymous_12)","decl":{"start":{"line":39,"column":11},"end":{"line":39,"column":12}},"loc":{"start":{"line":39,"column":23},"end":{"line":182,"column":5}},"line":39},"13":{"name":"_callee3","decl":{"start":{"line":42,"column":39},"end":{"line":42,"column":47}},"loc":{"start":{"line":42,"column":58},"end":{"line":175,"column":7}},"line":42},"14":{"name":"_callee3$","decl":{"start":{"line":45,"column":48},"end":{"line":45,"column":57}},"loc":{"start":{"line":45,"column":69},"end":{"line":174,"column":9}},"line":45},"15":{"name":"(anonymous_15)","decl":{"start":{"line":82,"column":16},"end":{"line":82,"column":17}},"loc":{"start":{"line":82,"column":28},"end":{"line":167,"column":17}},"line":82},"16":{"name":"_callee2","decl":{"start":{"line":85,"column":51},"end":{"line":85,"column":59}},"loc":{"start":{"line":85,"column":71},"end":{"line":162,"column":19}},"line":85},"17":{"name":"_callee2$","decl":{"start":{"line":86,"column":60},"end":{"line":86,"column":69}},"loc":{"start":{"line":86,"column":81},"end":{"line":161,"column":21}},"line":86},"18":{"name":"(anonymous_18)","decl":{"start":{"line":93,"column":28},"end":{"line":93,"column":29}},"loc":{"start":{"line":93,"column":40},"end":{"line":154,"column":29}},"line":93},"19":{"name":"_callee","decl":{"start":{"line":96,"column":63},"end":{"line":96,"column":70}},"loc":{"start":{"line":96,"column":82},"end":{"line":149,"column":31}},"line":96},"20":{"name":"_callee$","decl":{"start":{"line":98,"column":72},"end":{"line":98,"column":80}},"loc":{"start":{"line":98,"column":91},"end":{"line":148,"column":33}},"line":98},"21":{"name":"(anonymous_21)","decl":{"start":{"line":128,"column":43},"end":{"line":128,"column":44}},"loc":{"start":{"line":128,"column":65},"end":{"line":141,"column":41}},"line":128},"22":{"name":"(anonymous_22)","decl":{"start":{"line":151,"column":37},"end":{"line":151,"column":38}},"loc":{"start":{"line":151,"column":57},"end":{"line":153,"column":31}},"line":151},"23":{"name":"(anonymous_23)","decl":{"start":{"line":164,"column":25},"end":{"line":164,"column":26}},"loc":{"start":{"line":164,"column":45},"end":{"line":166,"column":19}},"line":164},"24":{"name":"signUp","decl":{"start":{"line":177,"column":15},"end":{"line":177,"column":21}},"loc":{"start":{"line":177,"column":31},"end":{"line":179,"column":7}},"line":177},"25":{"name":"(anonymous_25)","decl":{"start":{"line":185,"column":11},"end":{"line":185,"column":12}},"loc":{"start":{"line":185,"column":23},"end":{"line":265,"column":5}},"line":185},"26":{"name":"_callee4","decl":{"start":{"line":188,"column":39},"end":{"line":188,"column":47}},"loc":{"start":{"line":188,"column":58},"end":{"line":258,"column":7}},"line":188},"27":{"name":"_callee4$","decl":{"start":{"line":191,"column":48},"end":{"line":191,"column":57}},"loc":{"start":{"line":191,"column":69},"end":{"line":257,"column":9}},"line":191},"28":{"name":"(anonymous_28)","decl":{"start":{"line":226,"column":75},"end":{"line":226,"column":76}},"loc":{"start":{"line":226,"column":94},"end":{"line":250,"column":17}},"line":226},"29":{"name":"(anonymous_29)","decl":{"start":{"line":236,"column":21},"end":{"line":236,"column":22}},"loc":{"start":{"line":236,"column":43},"end":{"line":249,"column":19}},"line":236},"30":{"name":"signIn","decl":{"start":{"line":260,"column":15},"end":{"line":260,"column":21}},"loc":{"start":{"line":260,"column":32},"end":{"line":262,"column":7}},"line":260},"31":{"name":"(anonymous_31)","decl":{"start":{"line":268,"column":11},"end":{"line":268,"column":12}},"loc":{"start":{"line":268,"column":23},"end":{"line":314,"column":5}},"line":268},"32":{"name":"_callee5","decl":{"start":{"line":271,"column":39},"end":{"line":271,"column":47}},"loc":{"start":{"line":271,"column":58},"end":{"line":307,"column":7}},"line":271},"33":{"name":"_callee5$","decl":{"start":{"line":273,"column":48},"end":{"line":273,"column":57}},"loc":{"start":{"line":273,"column":69},"end":{"line":306,"column":9}},"line":273},"34":{"name":"user","decl":{"start":{"line":309,"column":15},"end":{"line":309,"column":19}},"loc":{"start":{"line":309,"column":31},"end":{"line":311,"column":7}},"line":309}},"branchMap":{"0":{"loc":{"start":{"line":16,"column":46},"end":{"line":16,"column":94}},"type":"cond-expr","locations":[{"start":{"line":16,"column":70},"end":{"line":16,"column":73}},{"start":{"line":16,"column":76},"end":{"line":16,"column":94}}],"line":16},"1":{"loc":{"start":{"line":16,"column":46},"end":{"line":16,"column":67}},"type":"binary-expr","locations":[{"start":{"line":16,"column":46},"end":{"line":16,"column":49}},{"start":{"line":16,"column":53},"end":{"line":16,"column":67}}],"line":16},"2":{"loc":{"start":{"line":18,"column":176},"end":{"line":18,"column":263}},"type":"if","locations":[{"start":{"line":18,"column":176},"end":{"line":18,"column":263}},{"start":{"line":18,"column":176},"end":{"line":18,"column":263}}],"line":18},"3":{"loc":{"start":{"line":22,"column":50},"end":{"line":22,"column":151}},"type":"if","locations":[{"start":{"line":22,"column":50},"end":{"line":22,"column":151}},{"start":{"line":22,"column":50},"end":{"line":22,"column":151}}],"line":22},"4":{"loc":{"start":{"line":24,"column":136},"end":{"line":24,"column":166}},"type":"binary-expr","locations":[{"start":{"line":24,"column":136},"end":{"line":24,"column":157}},{"start":{"line":24,"column":161},"end":{"line":24,"column":166}}],"line":24},"5":{"loc":{"start":{"line":24,"column":200},"end":{"line":24,"column":254}},"type":"if","locations":[{"start":{"line":24,"column":200},"end":{"line":24,"column":254}},{"start":{"line":24,"column":200},"end":{"line":24,"column":254}}],"line":24},"6":{"loc":{"start":{"line":26,"column":62},"end":{"line":26,"column":131}},"type":"if","locations":[{"start":{"line":26,"column":62},"end":{"line":26,"column":131}},{"start":{"line":26,"column":62},"end":{"line":26,"column":131}}],"line":26},"7":{"loc":{"start":{"line":26,"column":132},"end":{"line":26,"column":193}},"type":"if","locations":[{"start":{"line":26,"column":132},"end":{"line":26,"column":193}},{"start":{"line":26,"column":132},"end":{"line":26,"column":193}}],"line":26},"8":{"loc":{"start":{"line":47,"column":12},"end":{"line":172,"column":13}},"type":"switch","locations":[{"start":{"line":48,"column":14},"end":{"line":59,"column":20}},{"start":{"line":61,"column":14},"end":{"line":63,"column":67}},{"start":{"line":65,"column":14},"end":{"line":76,"column":20}},{"start":{"line":78,"column":14},"end":{"line":167,"column":21}},{"start":{"line":169,"column":14},"end":{"line":169,"column":21}},{"start":{"line":170,"column":14},"end":{"line":171,"column":40}}],"line":47},"9":{"loc":{"start":{"line":51,"column":16},"end":{"line":54,"column":17}},"type":"if","locations":[{"start":{"line":51,"column":16},"end":{"line":54,"column":17}},{"start":{"line":51,"column":16},"end":{"line":54,"column":17}}],"line":51},"10":{"loc":{"start":{"line":51,"column":22},"end":{"line":51,"column":70}},"type":"binary-expr","locations":[{"start":{"line":51,"column":22},"end":{"line":51,"column":28}},{"start":{"line":51,"column":32},"end":{"line":51,"column":43}},{"start":{"line":51,"column":47},"end":{"line":51,"column":57}},{"start":{"line":51,"column":61},"end":{"line":51,"column":70}}],"line":51},"11":{"loc":{"start":{"line":68,"column":16},"end":{"line":71,"column":17}},"type":"if","locations":[{"start":{"line":68,"column":16},"end":{"line":71,"column":17}},{"start":{"line":68,"column":16},"end":{"line":71,"column":17}}],"line":68},"12":{"loc":{"start":{"line":88,"column":24},"end":{"line":159,"column":25}},"type":"switch","locations":[{"start":{"line":89,"column":26},"end":{"line":154,"column":33}},{"start":{"line":156,"column":26},"end":{"line":156,"column":33}},{"start":{"line":157,"column":26},"end":{"line":158,"column":52}}],"line":88},"13":{"loc":{"start":{"line":100,"column":36},"end":{"line":146,"column":37}},"type":"switch","locations":[{"start":{"line":101,"column":38},"end":{"line":107,"column":50}},{"start":{"line":109,"column":38},"end":{"line":118,"column":43}},{"start":{"line":120,"column":38},"end":{"line":141,"column":43}},{"start":{"line":143,"column":38},"end":{"line":143,"column":45}},{"start":{"line":144,"column":38},"end":{"line":145,"column":63}}],"line":100},"14":{"loc":{"start":{"line":102,"column":40},"end":{"line":105,"column":41}},"type":"if","locations":[{"start":{"line":102,"column":40},"end":{"line":105,"column":41}},{"start":{"line":102,"column":40},"end":{"line":105,"column":41}}],"line":102},"15":{"loc":{"start":{"line":129,"column":42},"end":{"line":129,"column":61}},"type":"if","locations":[{"start":{"line":129,"column":42},"end":{"line":129,"column":61}},{"start":{"line":129,"column":42},"end":{"line":129,"column":61}}],"line":129},"16":{"loc":{"start":{"line":193,"column":12},"end":{"line":255,"column":13}},"type":"switch","locations":[{"start":{"line":194,"column":14},"end":{"line":205,"column":20}},{"start":{"line":207,"column":14},"end":{"line":209,"column":67}},{"start":{"line":211,"column":14},"end":{"line":222,"column":20}},{"start":{"line":224,"column":14},"end":{"line":250,"column":19}},{"start":{"line":252,"column":14},"end":{"line":252,"column":21}},{"start":{"line":253,"column":14},"end":{"line":254,"column":40}}],"line":193},"17":{"loc":{"start":{"line":197,"column":16},"end":{"line":200,"column":17}},"type":"if","locations":[{"start":{"line":197,"column":16},"end":{"line":200,"column":17}},{"start":{"line":197,"column":16},"end":{"line":200,"column":17}}],"line":197},"18":{"loc":{"start":{"line":197,"column":22},"end":{"line":197,"column":41}},"type":"binary-expr","locations":[{"start":{"line":197,"column":22},"end":{"line":197,"column":28}},{"start":{"line":197,"column":32},"end":{"line":197,"column":41}}],"line":197},"19":{"loc":{"start":{"line":214,"column":16},"end":{"line":217,"column":17}},"type":"if","locations":[{"start":{"line":214,"column":16},"end":{"line":217,"column":17}},{"start":{"line":214,"column":16},"end":{"line":217,"column":17}}],"line":214},"20":{"loc":{"start":{"line":227,"column":18},"end":{"line":230,"column":21}},"type":"if","locations":[{"start":{"line":227,"column":18},"end":{"line":230,"column":21}},{"start":{"line":227,"column":18},"end":{"line":230,"column":21}}],"line":227},"21":{"loc":{"start":{"line":237,"column":20},"end":{"line":237,"column":39}},"type":"if","locations":[{"start":{"line":237,"column":20},"end":{"line":237,"column":39}},{"start":{"line":237,"column":20},"end":{"line":237,"column":39}}],"line":237},"22":{"loc":{"start":{"line":275,"column":12},"end":{"line":304,"column":13}},"type":"switch","locations":[{"start":{"line":276,"column":14},"end":{"line":280,"column":65}},{"start":{"line":282,"column":14},"end":{"line":299,"column":20}},{"start":{"line":301,"column":14},"end":{"line":301,"column":21}},{"start":{"line":302,"column":14},"end":{"line":303,"column":40}}],"line":275},"23":{"loc":{"start":{"line":285,"column":16},"end":{"line":288,"column":17}},"type":"if","locations":[{"start":{"line":285,"column":16},"end":{"line":288,"column":17}},{"start":{"line":285,"column":16},"end":{"line":288,"column":17}}],"line":285}},"s":{"0":1,"1":1,"2":1,"3":1,"4":1,"5":1,"6":4,"7":17,"8":17,"9":17,"10":0,"11":0,"12":17,"13":9,"14":8,"15":5,"16":9,"17":9,"18":9,"19":9,"20":17,"21":0,"22":9,"23":0,"24":0,"25":1,"26":1,"27":3,"28":3,"29":3,"30":3,"31":3,"32":3,"33":1,"34":0,"35":1,"36":1,"37":1,"38":1,"39":0,"40":0,"41":1,"42":1,"43":3,"44":7,"45":10,"46":3,"47":3,"48":2,"49":2,"50":1,"51":2,"52":2,"53":2,"54":2,"55":1,"56":1,"57":1,"58":1,"59":1,"60":1,"61":2,"62":2,"63":1,"64":1,"65":1,"66":1,"67":2,"68":3,"69":1,"70":1,"71":1,"72":0,"73":1,"74":1,"75":1,"76":1,"77":1,"78":1,"79":0,"80":1,"81":1,"82":1,"83":1,"84":1,"85":1,"86":1,"87":3,"88":3,"89":1,"90":1,"91":3,"92":7,"93":12,"94":3,"95":3,"96":3,"97":3,"98":0,"99":3,"100":3,"101":3,"102":3,"103":2,"104":2,"105":1,"106":2,"107":2,"108":1,"109":1,"110":1,"111":0,"112":1,"113":3,"114":3,"115":1,"116":1,"117":1,"118":3,"119":3,"120":1,"121":1,"122":1,"123":1,"124":1,"125":0,"126":0,"127":1,"128":1,"129":1,"130":1,"131":1,"132":1,"133":1},"f":{"0":4,"1":17,"2":5,"3":9,"4":9,"5":17,"6":0,"7":0,"8":1,"9":1,"10":1,"11":0,"12":1,"13":3,"14":7,"15":1,"16":1,"17":2,"18":1,"19":1,"20":2,"21":1,"22":1,"23":1,"24":3,"25":1,"26":3,"27":7,"28":2,"29":1,"30":3,"31":1,"32":1,"33":3,"34":1},"b":{"0":[1,3],"1":[4,4],"2":[9,8],"3":[0,0],"4":[3,3],"5":[3,0],"6":[0,1],"7":[1,0],"8":[3,2,2,1,1,3],"9":[2,1],"10":[3,2,2,2],"11":[1,1],"12":[1,1,1],"13":[1,1,1,1,1],"14":[1,0],"15":[0,1],"16":[3,3,3,2,2,3],"17":[3,0],"18":[3,3],"19":[2,1],"20":[1,1],"21":[0,1],"22":[1,1,0,1],"23":[0,1]},"_coverageSchema":"43e27e138ebf9cfc5966b082cf9a028302ed4184","hash":"c8d4185abdca396915338866abb97fc444aac11a","contentHash":"a7bd42e98f78a836c2688f76c931a29e498dbf129fc77e97a3058307de8e2602"},"C:\\The Place\\My Web Projects\\Andela\\Andela Developer Challenge\\WayFarer Challenge\\WayFarer\\src\\models\\userModel.js":{"path":"C:\\The Place\\My Web Projects\\Andela\\Andela Developer Challenge\\WayFarer Challenge\\WayFarer\\src\\models\\userModel.js","statementMap":{"0":{"start":{"line":3,"column":0},"end":{"line":5,"column":3}},"1":{"start":{"line":6,"column":0},"end":{"line":6,"column":28}},"2":{"start":{"line":8,"column":10},"end":{"line":8,"column":23}},"3":{"start":{"line":10,"column":14},"end":{"line":10,"column":55}},"4":{"start":{"line":12,"column":39},"end":{"line":12,"column":95}},"5":{"start":{"line":14,"column":77},"end":{"line":14,"column":175}},"6":{"start":{"line":14,"column":94},"end":{"line":14,"column":107}},"7":{"start":{"line":14,"column":121},"end":{"line":14,"column":131}},"8":{"start":{"line":14,"column":151},"end":{"line":14,"column":165}},"9":{"start":{"line":14,"column":166},"end":{"line":14,"column":173}},"10":{"start":{"line":14,"column":176},"end":{"line":14,"column":263}},"11":{"start":{"line":14,"column":193},"end":{"line":14,"column":208}},"12":{"start":{"line":14,"column":218},"end":{"line":14,"column":261}},"13":{"start":{"line":16,"column":33},"end":{"line":16,"column":387}},"14":{"start":{"line":16,"column":65},"end":{"line":16,"column":69}},"15":{"start":{"line":16,"column":78},"end":{"line":16,"column":87}},"16":{"start":{"line":16,"column":89},"end":{"line":16,"column":384}},"17":{"start":{"line":16,"column":147},"end":{"line":16,"column":167}},"18":{"start":{"line":16,"column":193},"end":{"line":16,"column":264}},"19":{"start":{"line":16,"column":290},"end":{"line":16,"column":360}},"20":{"start":{"line":16,"column":363},"end":{"line":16,"column":380}},"21":{"start":{"line":18,"column":50},"end":{"line":18,"column":151}},"22":{"start":{"line":18,"column":92},"end":{"line":18,"column":149}},"23":{"start":{"line":20,"column":44},"end":{"line":20,"column":315}},"24":{"start":{"line":20,"column":57},"end":{"line":20,"column":58}},"25":{"start":{"line":20,"column":102},"end":{"line":20,"column":110}},"26":{"start":{"line":20,"column":112},"end":{"line":20,"column":167}},"27":{"start":{"line":20,"column":168},"end":{"line":20,"column":199}},"28":{"start":{"line":20,"column":200},"end":{"line":20,"column":254}},"29":{"start":{"line":20,"column":227},"end":{"line":20,"column":254}},"30":{"start":{"line":20,"column":255},"end":{"line":20,"column":313}},"31":{"start":{"line":22,"column":62},"end":{"line":22,"column":131}},"32":{"start":{"line":22,"column":78},"end":{"line":22,"column":131}},"33":{"start":{"line":22,"column":132},"end":{"line":22,"column":193}},"34":{"start":{"line":22,"column":149},"end":{"line":22,"column":193}},"35":{"start":{"line":22,"column":194},"end":{"line":22,"column":213}},"36":{"start":{"line":24,"column":0},"end":{"line":24,"column":28}},"37":{"start":{"line":26,"column":11},"end":{"line":28,"column":2}},"38":{"start":{"line":30,"column":0},"end":{"line":34,"column":1}},"39":{"start":{"line":31,"column":2},"end":{"line":33,"column":5}},"40":{"start":{"line":38,"column":0},"end":{"line":194,"column":3}},"41":{"start":{"line":40,"column":4},"end":{"line":40,"column":37}},"42":{"start":{"line":43,"column":2},"end":{"line":191,"column":6}},"43":{"start":{"line":46,"column":28},"end":{"line":84,"column":9}},"44":{"start":{"line":50,"column":8},"end":{"line":83,"column":36}},"45":{"start":{"line":51,"column":10},"end":{"line":82,"column":11}},"46":{"start":{"line":52,"column":12},"end":{"line":81,"column":13}},"47":{"start":{"line":54,"column":16},"end":{"line":54,"column":34}},"48":{"start":{"line":55,"column":16},"end":{"line":55,"column":132}},"49":{"start":{"line":56,"column":16},"end":{"line":56,"column":34}},"50":{"start":{"line":57,"column":16},"end":{"line":57,"column":41}},"51":{"start":{"line":60,"column":16},"end":{"line":60,"column":39}},"52":{"start":{"line":62,"column":16},"end":{"line":65,"column":17}},"53":{"start":{"line":63,"column":18},"end":{"line":63,"column":36}},"54":{"start":{"line":64,"column":18},"end":{"line":64,"column":24}},"55":{"start":{"line":67,"column":16},"end":{"line":67,"column":65}},"56":{"start":{"line":70,"column":16},"end":{"line":70,"column":35}},"57":{"start":{"line":71,"column":16},"end":{"line":71,"column":22}},"58":{"start":{"line":74,"column":16},"end":{"line":74,"column":34}},"59":{"start":{"line":75,"column":16},"end":{"line":75,"column":51}},"60":{"start":{"line":76,"column":16},"end":{"line":76,"column":34}},"61":{"start":{"line":80,"column":16},"end":{"line":80,"column":39}},"62":{"start":{"line":87,"column":8},"end":{"line":87,"column":54}},"63":{"start":{"line":90,"column":6},"end":{"line":90,"column":28}},"64":{"start":{"line":95,"column":25},"end":{"line":133,"column":9}},"65":{"start":{"line":99,"column":8},"end":{"line":132,"column":37}},"66":{"start":{"line":100,"column":10},"end":{"line":131,"column":11}},"67":{"start":{"line":101,"column":12},"end":{"line":130,"column":13}},"68":{"start":{"line":103,"column":16},"end":{"line":103,"column":35}},"69":{"start":{"line":104,"column":16},"end":{"line":104,"column":130}},"70":{"start":{"line":105,"column":16},"end":{"line":105,"column":35}},"71":{"start":{"line":106,"column":16},"end":{"line":106,"column":41}},"72":{"start":{"line":109,"column":16},"end":{"line":109,"column":40}},"73":{"start":{"line":111,"column":16},"end":{"line":114,"column":17}},"74":{"start":{"line":112,"column":18},"end":{"line":112,"column":37}},"75":{"start":{"line":113,"column":18},"end":{"line":113,"column":24}},"76":{"start":{"line":116,"column":16},"end":{"line":116,"column":66}},"77":{"start":{"line":119,"column":16},"end":{"line":119,"column":36}},"78":{"start":{"line":120,"column":16},"end":{"line":120,"column":22}},"79":{"start":{"line":123,"column":16},"end":{"line":123,"column":35}},"80":{"start":{"line":124,"column":16},"end":{"line":124,"column":53}},"81":{"start":{"line":125,"column":16},"end":{"line":125,"column":35}},"82":{"start":{"line":129,"column":16},"end":{"line":129,"column":40}},"83":{"start":{"line":136,"column":8},"end":{"line":136,"column":51}},"84":{"start":{"line":139,"column":6},"end":{"line":139,"column":25}},"85":{"start":{"line":144,"column":20},"end":{"line":183,"column":9}},"86":{"start":{"line":148,"column":8},"end":{"line":182,"column":38}},"87":{"start":{"line":149,"column":10},"end":{"line":181,"column":11}},"88":{"start":{"line":150,"column":12},"end":{"line":180,"column":13}},"89":{"start":{"line":152,"column":16},"end":{"line":152,"column":35}},"90":{"start":{"line":153,"column":16},"end":{"line":153,"column":141}},"91":{"start":{"line":154,"column":16},"end":{"line":154,"column":177}},"92":{"start":{"line":155,"column":16},"end":{"line":155,"column":35}},"93":{"start":{"line":156,"column":16},"end":{"line":156,"column":93}},"94":{"start":{"line":159,"column":16},"end":{"line":159,"column":40}},"95":{"start":{"line":161,"column":16},"end":{"line":164,"column":17}},"96":{"start":{"line":162,"column":18},"end":{"line":162,"column":37}},"97":{"start":{"line":163,"column":18},"end":{"line":163,"column":24}},"98":{"start":{"line":166,"column":16},"end":{"line":166,"column":66}},"99":{"start":{"line":169,"column":16},"end":{"line":169,"column":36}},"100":{"start":{"line":170,"column":16},"end":{"line":170,"column":22}},"101":{"start":{"line":173,"column":16},"end":{"line":173,"column":36}},"102":{"start":{"line":174,"column":16},"end":{"line":174,"column":53}},"103":{"start":{"line":175,"column":16},"end":{"line":175,"column":35}},"104":{"start":{"line":179,"column":16},"end":{"line":179,"column":40}},"105":{"start":{"line":186,"column":8},"end":{"line":186,"column":46}},"106":{"start":{"line":189,"column":6},"end":{"line":189,"column":20}},"107":{"start":{"line":193,"column":2},"end":{"line":193,"column":19}},"108":{"start":{"line":196,"column":15},"end":{"line":196,"column":24}},"109":{"start":{"line":197,"column":0},"end":{"line":197,"column":30}}},"fnMap":{"0":{"name":"_interopRequireDefault","decl":{"start":{"line":12,"column":9},"end":{"line":12,"column":31}},"loc":{"start":{"line":12,"column":37},"end":{"line":12,"column":97}},"line":12},"1":{"name":"asyncGeneratorStep","decl":{"start":{"line":14,"column":9},"end":{"line":14,"column":27}},"loc":{"start":{"line":14,"column":75},"end":{"line":14,"column":265}},"line":14},"2":{"name":"_asyncToGenerator","decl":{"start":{"line":16,"column":9},"end":{"line":16,"column":26}},"loc":{"start":{"line":16,"column":31},"end":{"line":16,"column":389}},"line":16},"3":{"name":"(anonymous_3)","decl":{"start":{"line":16,"column":40},"end":{"line":16,"column":41}},"loc":{"start":{"line":16,"column":52},"end":{"line":16,"column":386}},"line":16},"4":{"name":"(anonymous_4)","decl":{"start":{"line":16,"column":108},"end":{"line":16,"column":109}},"loc":{"start":{"line":16,"column":135},"end":{"line":16,"column":382}},"line":16},"5":{"name":"_next","decl":{"start":{"line":16,"column":178},"end":{"line":16,"column":183}},"loc":{"start":{"line":16,"column":191},"end":{"line":16,"column":266}},"line":16},"6":{"name":"_throw","decl":{"start":{"line":16,"column":276},"end":{"line":16,"column":282}},"loc":{"start":{"line":16,"column":288},"end":{"line":16,"column":362}},"line":16},"7":{"name":"_classCallCheck","decl":{"start":{"line":18,"column":9},"end":{"line":18,"column":24}},"loc":{"start":{"line":18,"column":48},"end":{"line":18,"column":153}},"line":18},"8":{"name":"_defineProperties","decl":{"start":{"line":20,"column":9},"end":{"line":20,"column":26}},"loc":{"start":{"line":20,"column":42},"end":{"line":20,"column":317}},"line":20},"9":{"name":"_createClass","decl":{"start":{"line":22,"column":9},"end":{"line":22,"column":21}},"loc":{"start":{"line":22,"column":60},"end":{"line":22,"column":215}},"line":22},"10":{"name":"(anonymous_10)","decl":{"start":{"line":38,"column":0},"end":{"line":38,"column":1}},"loc":{"start":{"line":38,"column":12},"end":{"line":194,"column":1}},"line":38},"11":{"name":"userModel","decl":{"start":{"line":39,"column":11},"end":{"line":39,"column":20}},"loc":{"start":{"line":39,"column":23},"end":{"line":41,"column":3}},"line":39},"12":{"name":"(anonymous_12)","decl":{"start":{"line":45,"column":11},"end":{"line":45,"column":12}},"loc":{"start":{"line":45,"column":23},"end":{"line":91,"column":5}},"line":45},"13":{"name":"_callee","decl":{"start":{"line":48,"column":39},"end":{"line":48,"column":46}},"loc":{"start":{"line":48,"column":54},"end":{"line":84,"column":7}},"line":48},"14":{"name":"_callee$","decl":{"start":{"line":50,"column":48},"end":{"line":50,"column":56}},"loc":{"start":{"line":50,"column":67},"end":{"line":83,"column":9}},"line":50},"15":{"name":"getUserByEmail","decl":{"start":{"line":86,"column":15},"end":{"line":86,"column":29}},"loc":{"start":{"line":86,"column":34},"end":{"line":88,"column":7}},"line":86},"16":{"name":"(anonymous_16)","decl":{"start":{"line":94,"column":11},"end":{"line":94,"column":12}},"loc":{"start":{"line":94,"column":23},"end":{"line":140,"column":5}},"line":94},"17":{"name":"_callee2","decl":{"start":{"line":97,"column":39},"end":{"line":97,"column":47}},"loc":{"start":{"line":97,"column":56},"end":{"line":133,"column":7}},"line":97},"18":{"name":"_callee2$","decl":{"start":{"line":99,"column":48},"end":{"line":99,"column":57}},"loc":{"start":{"line":99,"column":69},"end":{"line":132,"column":9}},"line":99},"19":{"name":"getUserById","decl":{"start":{"line":135,"column":15},"end":{"line":135,"column":26}},"loc":{"start":{"line":135,"column":32},"end":{"line":137,"column":7}},"line":135},"20":{"name":"(anonymous_20)","decl":{"start":{"line":143,"column":11},"end":{"line":143,"column":12}},"loc":{"start":{"line":143,"column":23},"end":{"line":190,"column":5}},"line":143},"21":{"name":"_callee3","decl":{"start":{"line":146,"column":39},"end":{"line":146,"column":47}},"loc":{"start":{"line":146,"column":58},"end":{"line":183,"column":7}},"line":146},"22":{"name":"_callee3$","decl":{"start":{"line":148,"column":48},"end":{"line":148,"column":57}},"loc":{"start":{"line":148,"column":69},"end":{"line":182,"column":9}},"line":148},"23":{"name":"signUp","decl":{"start":{"line":185,"column":15},"end":{"line":185,"column":21}},"loc":{"start":{"line":185,"column":27},"end":{"line":187,"column":7}},"line":185}},"branchMap":{"0":{"loc":{"start":{"line":12,"column":46},"end":{"line":12,"column":94}},"type":"cond-expr","locations":[{"start":{"line":12,"column":70},"end":{"line":12,"column":73}},{"start":{"line":12,"column":76},"end":{"line":12,"column":94}}],"line":12},"1":{"loc":{"start":{"line":12,"column":46},"end":{"line":12,"column":67}},"type":"binary-expr","locations":[{"start":{"line":12,"column":46},"end":{"line":12,"column":49}},{"start":{"line":12,"column":53},"end":{"line":12,"column":67}}],"line":12},"2":{"loc":{"start":{"line":14,"column":176},"end":{"line":14,"column":263}},"type":"if","locations":[{"start":{"line":14,"column":176},"end":{"line":14,"column":263}},{"start":{"line":14,"column":176},"end":{"line":14,"column":263}}],"line":14},"3":{"loc":{"start":{"line":18,"column":50},"end":{"line":18,"column":151}},"type":"if","locations":[{"start":{"line":18,"column":50},"end":{"line":18,"column":151}},{"start":{"line":18,"column":50},"end":{"line":18,"column":151}}],"line":18},"4":{"loc":{"start":{"line":20,"column":136},"end":{"line":20,"column":166}},"type":"binary-expr","locations":[{"start":{"line":20,"column":136},"end":{"line":20,"column":157}},{"start":{"line":20,"column":161},"end":{"line":20,"column":166}}],"line":20},"5":{"loc":{"start":{"line":20,"column":200},"end":{"line":20,"c
[...]
umn":56}},"96":{"start":{"line":164,"column":16},"end":{"line":164,"column":36}},"97":{"start":{"line":165,"column":16},"end":{"line":165,"column":53}},"98":{"start":{"line":166,"column":16},"end":{"line":166,"column":35}},"99":{"start":{"line":170,"column":16},"end":{"line":170,"column":40}},"100":{"start":{"line":177,"column":8},"end":{"line":177,"column":62}},"101":{"start":{"line":180,"column":6},"end":{"line":180,"column":36}},"102":{"start":{"line":185,"column":35},"end":{"line":222,"column":9}},"103":{"start":{"line":189,"column":8},"end":{"line":221,"column":38}},"104":{"start":{"line":190,"column":10},"end":{"line":220,"column":11}},"105":{"start":{"line":191,"column":12},"end":{"line":219,"column":13}},"106":{"start":{"line":193,"column":16},"end":{"line":193,"column":35}},"107":{"start":{"line":194,"column":16},"end":{"line":194,"column":83}},"108":{"start":{"line":195,"column":16},"end":{"line":195,"column":35}},"109":{"start":{"line":196,"column":16},"end":{"line":196,"column":41}},"110":{"start":{"line":199,"column":16},"end":{"line":199,"column":40}},"111":{"start":{"line":201,"column":16},"end":{"line":204,"column":17}},"112":{"start":{"line":202,"column":18},"end":{"line":202,"column":37}},"113":{"start":{"line":203,"column":18},"end":{"line":203,"column":24}},"114":{"start":{"line":206,"column":16},"end":{"line":206,"column":66}},"115":{"start":{"line":209,"column":16},"end":{"line":209,"column":56}},"116":{"start":{"line":212,"column":16},"end":{"line":212,"column":36}},"117":{"start":{"line":213,"column":16},"end":{"line":213,"column":53}},"118":{"start":{"line":214,"column":16},"end":{"line":214,"column":35}},"119":{"start":{"line":218,"column":16},"end":{"line":218,"column":40}},"120":{"start":{"line":225,"column":8},"end":{"line":225,"column":61}},"121":{"start":{"line":228,"column":6},"end":{"line":228,"column":35}},"122":{"start":{"line":233,"column":31},"end":{"line":270,"column":9}},"123":{"start":{"line":237,"column":8},"end":{"line":269,"column":38}},"124":{"start":{"line":238,"column":10},"end":{"line":268,"column":11}},"125":{"start":{"line":239,"column":12},"end":{"line":267,"column":13}},"126":{"start":{"line":241,"column":16},"end":{"line":241,"column":35}},"127":{"start":{"line":242,"column":16},"end":{"line":242,"column":93}},"128":{"start":{"line":243,"column":16},"end":{"line":243,"column":35}},"129":{"start":{"line":244,"column":16},"end":{"line":244,"column":41}},"130":{"start":{"line":247,"column":16},"end":{"line":247,"column":40}},"131":{"start":{"line":249,"column":16},"end":{"line":252,"column":17}},"132":{"start":{"line":250,"column":18},"end":{"line":250,"column":37}},"133":{"start":{"line":251,"column":18},"end":{"line":251,"column":24}},"134":{"start":{"line":254,"column":16},"end":{"line":254,"column":66}},"135":{"start":{"line":257,"column":16},"end":{"line":257,"column":56}},"136":{"start":{"line":260,"column":16},"end":{"line":260,"column":36}},"137":{"start":{"line":261,"column":16},"end":{"line":261,"column":53}},"138":{"start":{"line":262,"column":16},"end":{"line":262,"column":35}},"139":{"start":{"line":266,"column":16},"end":{"line":266,"column":40}},"140":{"start":{"line":273,"column":8},"end":{"line":273,"column":57}},"141":{"start":{"line":276,"column":6},"end":{"line":276,"column":31}},"142":{"start":{"line":281,"column":31},"end":{"line":318,"column":9}},"143":{"start":{"line":285,"column":8},"end":{"line":317,"column":38}},"144":{"start":{"line":286,"column":10},"end":{"line":316,"column":11}},"145":{"start":{"line":287,"column":12},"end":{"line":315,"column":13}},"146":{"start":{"line":289,"column":16},"end":{"line":289,"column":35}},"147":{"start":{"line":290,"column":16},"end":{"line":290,"column":130}},"148":{"start":{"line":291,"column":16},"end":{"line":291,"column":35}},"149":{"start":{"line":292,"column":16},"end":{"line":292,"column":41}},"150":{"start":{"line":295,"column":16},"end":{"line":295,"column":40}},"151":{"start":{"line":297,"column":16},"end":{"line":300,"column":17}},"152":{"start":{"line":298,"column":18},"end":{"line":298,"column":37}},"153":{"start":{"line":299,"column":18},"end":{"line":299,"column":24}},"154":{"start":{"line":302,"column":16},"end":{"line":302,"column":66}},"155":{"start":{"line":305,"column":16},"end":{"line":305,"column":56}},"156":{"start":{"line":308,"column":16},"end":{"line":308,"column":36}},"157":{"start":{"line":309,"column":16},"end":{"line":309,"column":53}},"158":{"start":{"line":310,"column":16},"end":{"line":310,"column":35}},"159":{"start":{"line":314,"column":16},"end":{"line":314,"column":40}},"160":{"start":{"line":321,"column":8},"end":{"line":321,"column":57}},"161":{"start":{"line":324,"column":6},"end":{"line":324,"column":31}},"162":{"start":{"line":328,"column":2},"end":{"line":328,"column":22}},"163":{"start":{"line":331,"column":15},"end":{"line":331,"column":27}},"164":{"start":{"line":332,"column":0},"end":{"line":332,"column":30}}},"fnMap":{"0":{"name":"_interopRequireDefault","decl":{"start":{"line":12,"column":9},"end":{"line":12,"column":31}},"loc":{"start":{"line":12,"column":37},"end":{"line":12,"column":97}},"line":12},"1":{"name":"asyncGeneratorStep","decl":{"start":{"line":14,"column":9},"end":{"line":14,"column":27}},"loc":{"start":{"line":14,"column":75},"end":{"line":14,"column":265}},"line":14},"2":{"name":"_asyncToGenerator","decl":{"start":{"line":16,"column":9},"end":{"line":16,"column":26}},"loc":{"start":{"line":16,"column":31},"end":{"line":16,"column":389}},"line":16},"3":{"name":"(anonymous_3)","decl":{"start":{"line":16,"column":40},"end":{"line":16,"column":41}},"loc":{"start":{"line":16,"column":52},"end":{"line":16,"column":386}},"line":16},"4":{"name":"(anonymous_4)","decl":{"start":{"line":16,"column":108},"end":{"line":16,"column":109}},"loc":{"start":{"line":16,"column":135},"end":{"line":16,"column":382}},"line":16},"5":{"name":"_next","decl":{"start":{"line":16,"column":178},"end":{"line":16,"column":183}},"loc":{"start":{"line":16,"column":191},"end":{"line":16,"column":266}},"line":16},"6":{"name":"_throw","decl":{"start":{"line":16,"column":276},"end":{"line":16,"column":282}},"loc":{"start":{"line":16,"column":288},"end":{"line":16,"column":362}},"line":16},"7":{"name":"_classCallCheck","decl":{"start":{"line":18,"column":9},"end":{"line":18,"column":24}},"loc":{"start":{"line":18,"column":48},"end":{"line":18,"column":153}},"line":18},"8":{"name":"_defineProperties","decl":{"start":{"line":20,"column":9},"end":{"line":20,"column":26}},"loc":{"start":{"line":20,"column":42},"end":{"line":20,"column":317}},"line":20},"9":{"name":"_createClass","decl":{"start":{"line":22,"column":9},"end":{"line":22,"column":21}},"loc":{"start":{"line":22,"column":60},"end":{"line":22,"column":215}},"line":22},"10":{"name":"(anonymous_10)","decl":{"start":{"line":32,"column":0},"end":{"line":32,"column":1}},"loc":{"start":{"line":32,"column":12},"end":{"line":329,"column":1}},"line":32},"11":{"name":"bookingModel","decl":{"start":{"line":33,"column":11},"end":{"line":33,"column":23}},"loc":{"start":{"line":33,"column":26},"end":{"line":35,"column":3}},"line":33},"12":{"name":"(anonymous_12)","decl":{"start":{"line":39,"column":11},"end":{"line":39,"column":12}},"loc":{"start":{"line":39,"column":23},"end":{"line":85,"column":5}},"line":39},"13":{"name":"_callee","decl":{"start":{"line":42,"column":39},"end":{"line":42,"column":46}},"loc":{"start":{"line":42,"column":60},"end":{"line":78,"column":7}},"line":42},"14":{"name":"_callee$","decl":{"start":{"line":44,"column":48},"end":{"line":44,"column":56}},"loc":{"start":{"line":44,"column":67},"end":{"line":77,"column":9}},"line":44},"15":{"name":"createBooking","decl":{"start":{"line":80,"column":15},"end":{"line":80,"column":28}},"loc":{"start":{"line":80,"column":33},"end":{"line":82,"column":7}},"line":80},"16":{"name":"(anonymous_16)","decl":{"start":{"line":88,"column":11},"end":{"line":88,"column":12}},"loc":{"start":{"line":88,"column":23},"end":{"line":133,"column":5}},"line":88},"17":{"name":"_callee2","decl":{"start":{"line":91,"column":39},"end":{"line":91,"column":47}},"loc":{"start":{"line":91,"column":50},"end":{"line":126,"column":7}},"line":91},"18":{"name":"_callee2$","decl":{"start":{"line":93,"column":48},"end":{"line":93,"column":57}},"loc":{"start":{"line":93,"column":69},"end":{"line":125,"column":9}},"line":93},"19":{"name":"getAllBookings","decl":{"start":{"line":128,"column":15},"end":{"line":128,"column":29}},"loc":{"start":{"line":128,"column":32},"end":{"line":130,"column":7}},"line":128},"20":{"name":"(anonymous_20)","decl":{"start":{"line":136,"column":11},"end":{"line":136,"column":12}},"loc":{"start":{"line":136,"column":23},"end":{"line":181,"column":5}},"line":136},"21":{"name":"_callee3","decl":{"start":{"line":139,"column":39},"end":{"line":139,"column":47}},"loc":{"start":{"line":139,"column":57},"end":{"line":174,"column":7}},"line":139},"22":{"name":"_callee3$","decl":{"start":{"line":141,"column":48},"end":{"line":141,"column":57}},"loc":{"start":{"line":141,"column":69},"end":{"line":173,"column":9}},"line":141},"23":{"name":"getAllBookingsByUserId","decl":{"start":{"line":176,"column":15},"end":{"line":176,"column":37}},"loc":{"start":{"line":176,"column":43},"end":{"line":178,"column":7}},"line":176},"24":{"name":"(anonymous_24)","decl":{"start":{"line":184,"column":11},"end":{"line":184,"column":12}},"loc":{"start":{"line":184,"column":23},"end":{"line":229,"column":5}},"line":184},"25":{"name":"_callee4","decl":{"start":{"line":187,"column":39},"end":{"line":187,"column":47}},"loc":{"start":{"line":187,"column":59},"end":{"line":222,"column":7}},"line":187},"26":{"name":"_callee4$","decl":{"start":{"line":189,"column":48},"end":{"line":189,"column":57}},"loc":{"start":{"line":189,"column":69},"end":{"line":221,"column":9}},"line":189},"27":{"name":"getBookingByBookingId","decl":{"start":{"line":224,"column":15},"end":{"line":224,"column":36}},"loc":{"start":{"line":224,"column":42},"end":{"line":226,"column":7}},"line":224},"28":{"name":"(anonymous_28)","decl":{"start":{"line":232,"column":11},"end":{"line":232,"column":12}},"loc":{"start":{"line":232,"column":23},"end":{"line":277,"column":5}},"line":232},"29":{"name":"_callee5","decl":{"start":{"line":235,"column":39},"end":{"line":235,"column":47}},"loc":{"start":{"line":235,"column":59},"end":{"line":270,"column":7}},"line":235},"30":{"name":"_callee5$","decl":{"start":{"line":237,"column":48},"end":{"line":237,"column":57}},"loc":{"start":{"line":237,"column":69},"end":{"line":269,"column":9}},"line":237},"31":{"name":"deleteBookingById","decl":{"start":{"line":272,"column":15},"end":{"line":272,"column":32}},"loc":{"start":{"line":272,"column":38},"end":{"line":274,"column":7}},"line":272},"32":{"name":"(anonymous_32)","decl":{"start":{"line":280,"column":11},"end":{"line":280,"column":12}},"loc":{"start":{"line":280,"column":23},"end":{"line":325,"column":5}},"line":280},"33":{"name":"_callee6","decl":{"start":{"line":283,"column":39},"end":{"line":283,"column":47}},"loc":{"start":{"line":283,"column":69},"end":{"line":318,"column":7}},"line":283},"34":{"name":"_callee6$","decl":{"start":{"line":285,"column":48},"end":{"line":285,"column":57}},"loc":{"start":{"line":285,"column":69},"end":{"line":317,"column":9}},"line":285},"35":{"name":"updateBookingSeat","decl":{"start":{"line":320,"column":15},"end":{"line":320,"column":32}},"loc":{"start":{"line":320,"column":43},"end":{"line":322,"column":7}},"line":320}},"branchMap":{"0":{"loc":{"start":{"line":12,"column":46},"end":{"line":12,"column":94}},"type":"cond-expr","locations":[{"start":{"line":12,"column":70},"end":{"line":12,"column":73}},{"start":{"line":12,"column":76},"end":{"line":12,"column":94}}],"line":12},"1":{"loc":{"start":{"line":12,"column":46},"end":{"line":12,"column":67}},"type":"binary-expr","locations":[{"start":{"line":12,"column":46},"end":{"line":12,"column":49}},{"start":{"line":12,"column":53},"end":{"line":12,"column":67}}],"line":12},"2":{"loc":{"start":{"line":14,"column":176},"end":{"line":14,"column":263}},"type":"if","locations":[{"start":{"line":14,"column":176},"end":{"line":14,"column":263}},{"start":{"line":14,"column":176},"end":{"line":14,"column":263}}],"line":14},"3":{"loc":{"start":{"line":18,"column":50},"end":{"line":18,"column":151}},"type":"if","locations":[{"start":{"line":18,"column":50},"end":{"line":18,"column":151}},{"start":{"line":18,"column":50},"end":{"line":18,"column":151}}],"line":18},"4":{"loc":{"start":{"line":20,"column":136},"end":{"line":20,"column":166}},"type":"binary-expr","locations":[{"start":{"line":20,"column":136},"end":{"line":20,"column":157}},{"start":{"line":20,"column":161},"end":{"line":20,"column":166}}],"line":20},"5":{"loc":{"start":{"line":20,"column":200},"end":{"line":20,"column":254}},"type":"if","locations":[{"start":{"line":20,"column":200},"end":{"line":20,"column":254}},{"start":{"line":20,"column":200},"end":{"line":20,"column":254}}],"line":20},"6":{"loc":{"start":{"line":22,"column":62},"end":{"line":22,"column":131}},"type":"if","locations":[{"start":{"line":22,"column":62},"end":{"line":22,"column":131}},{"start":{"line":22,"column":62},"end":{"line":22,"column":131}}],"line":22},"7":{"loc":{"start":{"line":22,"column":132},"end":{"line":22,"column":193}},"type":"if","locations":[{"start":{"line":22,"column":132},"end":{"line":22,"column":193}},{"start":{"line":22,"column":132},"end":{"line":22,"column":193}}],"line":22},"8":{"loc":{"start":{"line":46,"column":12},"end":{"line":75,"column":13}},"type":"switch","locations":[{"start":{"line":47,"column":14},"end":{"line":52,"column":74}},{"start":{"line":54,"column":14},"end":{"line":62,"column":65}},{"start":{"line":64,"column":14},"end":{"line":65,"column":55}},{"start":{"line":67,"column":14},"end":{"line":70,"column":34}},{"start":{"line":72,"column":14},"end":{"line":72,"column":22}},{"start":{"line":73,"column":14},"end":{"line":74,"column":39}}],"line":46},"9":{"loc":{"start":{"line":57,"column":16},"end":{"line":60,"column":17}},"type":"if","locations":[{"start":{"line":57,"column":16},"end":{"line":60,"column":17}},{"start":{"line":57,"column":16},"end":{"line":60,"column":17}}],"line":57},"10":{"loc":{"start":{"line":95,"column":12},"end":{"line":123,"column":13}},"type":"switch","locations":[{"start":{"line":96,"column":14},"end":{"line":100,"column":41}},{"start":{"line":102,"column":14},"end":{"line":110,"column":63}},{"start":{"line":112,"column":14},"end":{"line":113,"column":56}},{"start":{"line":115,"column":14},"end":{"line":118,"column":35}},{"start":{"line":120,"column":14},"end":{"line":120,"column":22}},{"start":{"line":121,"column":14},"end":{"line":122,"column":40}}],"line":95},"11":{"loc":{"start":{"line":105,"column":16},"end":{"line":108,"column":17}},"type":"if","locations":[{"start":{"line":105,"column":16},"end":{"line":108,"column":17}},{"start":{"line":105,"column":16},"end":{"line":108,"column":17}}],"line":105},"12":{"loc":{"start":{"line":143,"column":12},"end":{"line":171,"column":13}},"type":"switch","locations":[{"start":{"line":144,"column":14},"end":{"line":148,"column":41}},{"start":{"line":150,"column":14},"end":{"line":158,"column":63}},{"start":{"line":160,"column":14},"end":{"line":161,"column":56}},{"start":{"line":163,"column":14},"end":{"line":166,"column":35}},{"start":{"line":168,"column":14},"end":{"line":168,"column":22}},{"start":{"line":169,"column":14},"end":{"line":170,"column":40}}],"line":143},"13":{"loc":{"start":{"line":153,"column":16},"end":{"line":156,"column":17}},"type":"if","locations":[{"start":{"line":153,"column":16},"end":{"line":156,"column":17}},{"start":{"line":153,"column":16},"end":{"line":156,"column":17}}],"line":153},"14":{"loc":{"start":{"line":191,"column":12},"end":{"line":219,"column":13}},"type":"switch","locations":[{"start":{"line":192,"column":14},"end":{"line":196,"column":41}},{"start":{"line":198,"column":14},"end":{"line":206,"column":66}},{"start":{"line":208,"column":14},"end":{"line":209,"column":56}},{"start":{"line":211,"column":14},"end":{"line":214,"column":35}},{"start":{"line":216,"column":14},"end":{"line":216,"column":22}},{"start":{"line":217,"column":14},"end":{"line":218,"column":40}}],"line":191},"15":{"loc":{"start":{"line":201,"column":16},"end":{"line":204,"column":17}},"type":"if","locations":[{"start":{"line":201,"column":16},"end":{"line":204,"column":17}},{"start":{"line":201,"column":16},"end":{"line":204,"column":17}}],"line":201},"16":{"loc":{"start":{"line":239,"column":12},"end":{"line":267,"column":13}},"type":"switch","locations":[{"start":{"line":240,"column":14},"end":{"line":244,"column":41}},{"start":{"line":246,"column":14},"end":{"line":254,"column":66}},{"start":{"line":256,"column":14},"end":{"line":257,"column":56}},{"start":{"line":259,"column":14},"end":{"line":262,"column":35}},{"start":{"line":264,"column":14},"end":{"line":264,"column":22}},{"start":{"line":265,"column":14},"end":{"line":266,"column":40}}],"line":239},"17":{"loc":{"start":{"line":249,"column":16},"end":{"line":252,"column":17}},"type":"if","locations":[{"start":{"line":249,"column":16},"end":{"line":252,"column":17}},{"start":{"line":249,"column":16},"end":{"line":252,"column":17}}],"line":249},"18":{"loc":{"start":{"line":287,"column":12},"end":{"line":315,"column":13}},"type":"switch","locations":[{"start":{"line":288,"column":14},"end":{"line":292,"column":41}},{"start":{"line":294,"column":14},"end":{"line":302,"column":66}},{"start":{"line":304,"column":14},"end":{"line":305,"column":56}},{"start":{"line":307,"column":14},"end":{"line":310,"column":35}},{"start":{"line":312,"column":14},"end":{"line":312,"column":22}},{"start":{"line":313,"column":14},"end":{"line":314,"column":40}}],"line":287},"19":{"loc":{"start":{"line":297,"column":16},"end":{"line":300,"column":17}},"type":"if","locations":[{"start":{"line":297,"column":16},"end":{"line":300,"column":17}},{"start":{"line":297,"column":16},"end":{"line":300,"column":17}}],"line":297}},"s":{"0":1,"1":1,"2":1,"3":1,"4":1,"5":0,"6":0,"7":0,"8":0,"9":0,"10":0,"11":0,"12":0,"13":6,"14":0,"15":0,"16":0,"17":0,"18":0,"19":0,"20":0,"21":0,"22":0,"23":1,"24":1,"25":6,"26":6,"27":6,"28":6,"29":6,"30":6,"31":1,"32":0,"33":1,"34":1,"35":1,"36":1,"37":1,"38":1,"39":0,"40":1,"41":1,"42":0,"43":0,"44":0,"45":0,"46":0,"47":0,"48":0,"49":0,"50":0,"51":0,"52":0,"53":0,"54":0,"55":0,"56":0,"57":0,"58":0,"59":0,"60":0,"61":1,"62":1,"63":0,"64":0,"65":0,"66":0,"67":0,"68":0,"69":0,"70":0,"71":0,"72":0,"73":0,"74":0,"75":0,"76":0,"77":0,"78":0,"79":0,"80":0,"81":1,"82":1,"83":0,"84":0,"85":0,"86":0,"87":0,"88":0,"89":0,"90":0,"91":0,"92":0,"93":0,"94":0,"95":0,"96":0,"97":0,"98":0,"99":0,"100":0,"101":1,"102":1,"103":0,"104":0,"105":0,"106":0,"107":0,"108":0,"109":0,"110":0,"111":0,"112":0,"113":0,"114":0,"115":0,"116":0,"117":0,"118":0,"119":0,"120":0,"121":1,"122":1,"123":0,"124":0,"125":0,"126":0,"127":0,"128":0,"129":0,"130":0,"131":0,"132":0,"133":0,"134":0,"135":0,"136":0,"137":0,"138":0,"139":0,"140":0,"141":1,"142":1,"143":0,"144":0,"145":0,"146":0,"147":0,"148":0,"149":0,"150":0,"151":0,"152":0,"153":0,"154":0,"155":0,"156":0,"157":0,"158":0,"159":0,"160":0,"161":1,"162":1,"163":1,"164":1},"f":{"0":1,"1":0,"2":6,"3":0,"4":0,"5":0,"6":0,"7":0,"8":1,"9":1,"10":1,"11":0,"12":1,"13":0,"14":0,"15":0,"16":1,"17":0,"18":0,"19":0,"20":1,"21":0,"22":0,"23":0,"24":1,"25":0,"26":0,"27":0,"28":1,"29":0,"30":0,"31":0,"32":1,"33":0,"34":0,"35":0},"b":{"0":[0,1],"1":[1,1],"2":[0,0],"3":[0,0],"4":[6,6],"5":[6,0],"6":[0,1],"7":[1,0],"8":[0,0,0,0,0,0],"9":[0,0],"10":[0,0,0,0,0,0],"11":[0,0],"12":[0,0,0,0,0,0],"13":[0,0],"14":[0,0,0,0,0,0],"15":[0,0],"16":[0,0,0,0,0,0],"17":[0,0],"18":[0,0,0,0,0,0],"19":[0,0]},"_coverageSchema":"43e27e138ebf9cfc5966b082cf9a028302ed4184","hash":"e7547b7c4e3f4362a1bb2d457f7abc9a53a8dc51","contentHash":"110dcc8907a4245be17686f646d29cf86b1432da992465c292dd1d170d37d53a"}}